#
# A fatal error has been detected by the Java Runtime Environment:
#
#  EXCEPTION_ACCESS_VIOLATION (0xc0000005) at pc=0xffffffffa3835120, pid=2324, tid=0x0000000000000e4c
#
# JRE version: Java(TM) SE Runtime Environment (8.0_111-b14) (build 1.8.0_111-b14)
# Java VM: Java HotSpot(TM) 64-Bit Server VM (25.111-b14 mixed mode windows-amd64 compressed oops)
# Problematic frame:
# C  0xffffffffa3835120
#
# Failed to write core dump. Minidumps are not enabled by default on client versions of Windows
#
# If you would like to submit a bug report, please visit:
#   http://bugreport.java.com/bugreport/crash.jsp
#

---------------  T H R E A D  ---------------

Current thread (0x0000000016e7e800):  JavaThread "AWT-EventQueue-0" [_thread_in_Java, id=3660, stack(0x0000000017a80000,0x0000000017b80000)]

siginfo: ExceptionCode=0xc0000005, ExceptionInformation=0x0000000000000008 0xffffffffa3835120

Registers:
RAX=0x000000010001bd10, RBX=0x000000001c266638, RCX=0x0000000000000000, RDX=0x00000000eb695348
RSP=0x0000000017b7b7b8, RBP=0x0000000017b7b968, RSI=0x00000000eb695348, RDI=0x00000000eb759008
R8 =0x00000000eb759008, R9 =0x00000000eb701b98, R10=0x000000010001bd10, R11=0x000000000000006f
R12=0x0000000000000000, R13=0x0000000000000002, R14=0x000000000000006a, R15=0x0000000016e7e800
RIP=0xffffffffa3835120, EFLAGS=0x0000000000010246

Top of Stack: (sp=0x0000000017b7b7b8)
0x0000000017b7b7b8:   0000000002c100bc 000000000000002c
0x0000000017b7b7c8:   00000000eb758988 0000000017b7b8e0
0x0000000017b7b7d8:   0000000002c100bc 0000000000000001
0x0000000017b7b7e8:   0000000017b7b840 0000000017b7b968
0x0000000017b7b7f8:   0000000002c25ac4 000000001aa25468
0x0000000017b7b808:   0000000000000000 00000000eb695288
0x0000000017b7b818:   00000000eb758ff0 00000000eb695288
0x0000000017b7b828:   00000000eb759008 0000000000000020
0x0000000017b7b838:   0000000016e7e800 00000000eb758f98
0x0000000017b7b848:   00000000526e5561 0000000017b7b968
0x0000000017b7b858:   0000000002c12ae4 0000000016e7e800
0x0000000017b7b868:   0000000000000001 0000000000000001
0x0000000017b7b878:   000000000000002f 00000000eb758fb0
0x0000000017b7b888:   0000000016e7e800 0000000100000988
0x0000000017b7b898:   00000000eb695288 0000000017b7b968
0x0000000017b7b8a8:   0000000002c24774 0000000016647a90 

Instructions: (pc=0xffffffffa3835120)
0xffffffffa3835100:   
[error occurred during error reporting (printing registers, top of stack, instructions near pc), id 0xc0000005]

Register to memory mapping:

RAX=0x000000010001bd10 is pointing into metadata
RBX=0x000000001c266638 is pointing into metadata
RCX=0x0000000000000000 is an unknown value
RDX=0x00000000eb695348 is an oop
java.util.HashMap 
 - klass: 'java/util/HashMap'
RSP=0x0000000017b7b7b8 is pointing into the stack for thread: 0x0000000016e7e800
RBP=0x0000000017b7b968 is pointing into the stack for thread: 0x0000000016e7e800
RSI=0x00000000eb695348 is an oop
java.util.HashMap 
 - klass: 'java/util/HashMap'
RDI=0x00000000eb759008 is an oop
sun.misc.ProxyGenerator$ConstantPool$IndirectEntry 
 - klass: 'sun/misc/ProxyGenerator$ConstantPool$IndirectEntry'
R8 =0x00000000eb759008 is an oop
sun.misc.ProxyGenerator$ConstantPool$IndirectEntry 
 - klass: 'sun/misc/ProxyGenerator$ConstantPool$IndirectEntry'
R9 =0x00000000eb701b98 is an oop
[C 
 - klass: {type array char}
 - length: 21
R10=0x000000010001bd10 is pointing into metadata
R11=0x000000000000006f is an unknown value
R12=0x0000000000000000 is an unknown value
R13=0x0000000000000002 is an unknown value
R14=0x000000000000006a is an unknown value
R15=0x0000000016e7e800 is a thread


Stack: [0x0000000017a80000,0x0000000017b80000],  sp=0x0000000017b7b7b8,  free space=1005k
Native frames: (J=compiled Java code, j=interpreted, Vv=VM code, C=native code)
C  0xffffffffa3835120


---------------  P R O C E S S  ---------------

Java Threads: ( => current thread )
  0x000000001753e000 JavaThread "Abandoned connection cleanup thread" daemon [_thread_blocked, id=3772, stack(0x000000001af10000,0x000000001b010000)]
  0x0000000016f31800 JavaThread "D3D Screen Updater" daemon [_thread_blocked, id=6464, stack(0x000000001a6d0000,0x000000001a7d0000)]
  0x0000000002730800 JavaThread "DestroyJavaVM" [_thread_blocked, id=7408, stack(0x0000000002630000,0x0000000002730000)]
=>0x0000000016e7e800 JavaThread "AWT-EventQueue-0" [_thread_in_Java, id=3660, stack(0x0000000017a80000,0x0000000017b80000)]
  0x0000000016e7d000 JavaThread "AWT-Windows" daemon [_thread_in_native, id=8428, stack(0x0000000017830000,0x0000000017930000)]
  0x0000000016e7c000 JavaThread "AWT-Shutdown" [_thread_blocked, id=7012, stack(0x0000000017730000,0x0000000017830000)]
  0x0000000016e38800 JavaThread "Java2D Disposer" daemon [_thread_blocked, id=1564, stack(0x0000000017630000,0x0000000017730000)]
  0x00000000165e3000 JavaThread "Service Thread" daemon [_thread_blocked, id=2592, stack(0x0000000016b60000,0x0000000016c60000)]
  0x0000000016565000 JavaThread "C1 CompilerThread2" daemon [_thread_blocked, id=8952, stack(0x0000000016a60000,0x0000000016b60000)]
  0x0000000016560800 JavaThread "C2 CompilerThread1" daemon [_thread_blocked, id=6668, stack(0x0000000016960000,0x0000000016a60000)]
  0x0000000014f5a000 JavaThread "C2 CompilerThread0" daemon [_thread_blocked, id=5752, stack(0x0000000016460000,0x0000000016560000)]
  0x0000000014f58800 JavaThread "Attach Listener" daemon [_thread_blocked, id=5928, stack(0x0000000016360000,0x0000000016460000)]
  0x0000000014f0d000 JavaThread "Signal Dispatcher" daemon [_thread_blocked, id=8688, stack(0x0000000016260000,0x0000000016360000)]
  0x0000000014ee8800 JavaThread "Finalizer" daemon [_thread_blocked, id=4372, stack(0x0000000016160000,0x0000000016260000)]
  0x0000000002821000 JavaThread "Reference Handler" daemon [_thread_blocked, id=6652, stack(0x0000000016060000,0x0000000016160000)]

Other Threads:
  0x0000000014ec7000 VMThread [stack: 0x0000000015f60000,0x0000000016060000] [id=8392]
  0x0000000016632000 WatcherThread [stack: 0x0000000016c60000,0x0000000016d60000] [id=208]

VM state:not at safepoint (normal execution)

VM Mutex/Monitor currently owned by a thread: None

Heap:
 PSYoungGen      total 18944K, used 15315K [0x00000000eab00000, 0x00000000ed000000, 0x0000000100000000)
  eden space 16384K, 77% used [0x00000000eab00000,0x00000000eb777bc8,0x00000000ebb00000)
  from space 2560K, 99% used [0x00000000ebd80000,0x00000000ebffd3d0,0x00000000ec000000)
  to   space 2560K, 0% used [0x00000000ebb00000,0x00000000ebb00000,0x00000000ebd80000)
 ParOldGen       total 44032K, used 2589K [0x00000000c0000000, 0x00000000c2b00000, 0x00000000eab00000)
  object space 44032K, 5% used [0x00000000c0000000,0x00000000c0287428,0x00000000c2b00000)
 Metaspace       used 19268K, capacity 19460K, committed 19712K, reserved 1067008K
  class space    used 2387K, capacity 2453K, committed 2560K, reserved 1048576K

Card table byte_map: [0x0000000011bf0000,0x0000000011e00000] byte_map_base: 0x00000000115f0000

Marking Bits: (ParMarkBitMap*) 0x0000000052e0a6c0
 Begin Bits: [0x0000000012360000, 0x0000000013360000)
 End Bits:   [0x0000000013360000, 0x0000000014360000)

Polling page: 0x0000000000620000

CodeCache: size=245760Kb used=4070Kb max_used=4084Kb free=241689Kb
 bounds [0x0000000002830000, 0x0000000002c40000, 0x0000000011830000]
 total_blobs=1782 nmethods=1213 adapters=483
 compilation: enabled

Compilation events (10 events):
Event: 2.839 Thread 0x0000000016565000 1212       3       sun.misc.ProxyGenerator::access$700 (7 bytes)
Event: 2.839 Thread 0x0000000014f5a000 1213       4       sun.misc.ProxyGenerator$ConstantPool::getValue (91 bytes)
Event: 2.839 Thread 0x0000000016565000 nmethod 1212 0x0000000002c2a5d0 code [0x0000000002c2a740, 0x0000000002c2a928]
Event: 2.839 Thread 0x0000000016565000 1210       3       sun.misc.ProxyGenerator::access$1000 (7 bytes)
Event: 2.839 Thread 0x0000000016565000 nmethod 1210 0x0000000002c2aa50 code [0x0000000002c2abc0, 0x0000000002c2ad28]
Event: 2.839 Thread 0x0000000016565000 1209       3       sun.misc.ProxyGenerator$PrimitiveTypeInfo::get (13 bytes)
Event: 2.839 Thread 0x0000000016565000 nmethod 1209 0x0000000002c2ae10 code [0x0000000002c2af80, 0x0000000002c2b288]
Event: 2.839 Thread 0x0000000016565000 1206       1       sun.misc.ProxyGenerator::access$800 (5 bytes)
Event: 2.839 Thread 0x0000000016565000 nmethod 1206 0x0000000002c1ff10 code [0x0000000002c20060, 0x0000000002c20150]
Event: 2.839 Thread 0x0000000016560800 nmethod 1204 0x0000000002c2e250 code [0x0000000002c2e3a0, 0x0000000002c2e678]

GC Heap History (4 events):
Event: 2.081 GC heap before
{Heap before GC invocations=1 (full 0):
 PSYoungGen      total 18944K, used 16353K [0x00000000eab00000, 0x00000000ec000000, 0x0000000100000000)
  eden space 16384K, 99% used [0x00000000eab00000,0x00000000ebaf8708,0x00000000ebb00000)
  from space 2560K, 0% used [0x00000000ebd80000,0x00000000ebd80000,0x00000000ec000000)
  to   space 2560K, 0% used [0x00000000ebb00000,0x00000000ebb00000,0x00000000ebd80000)
 ParOldGen       total 44032K, used 0K [0x00000000c0000000, 0x00000000c2b00000, 0x00000000eab00000)
  object space 44032K, 0% used [0x00000000c0000000,0x00000000c0000000,0x00000000c2b00000)
 Metaspace       used 14853K, capacity 15038K, committed 15360K, reserved 1062912K
  class space    used 1934K, capacity 2004K, committed 2048K, reserved 1048576K
Event: 2.095 GC heap after
Heap after GC invocations=1 (full 0):
 PSYoungGen      total 18944K, used 2555K [0x00000000eab00000, 0x00000000ec000000, 0x0000000100000000)
  eden space 16384K, 0% used [0x00000000eab00000,0x00000000eab00000,0x00000000ebb00000)
  from space 2560K, 99% used [0x00000000ebb00000,0x00000000ebd7ede0,0x00000000ebd80000)
  to   space 2560K, 0% used [0x00000000ebd80000,0x00000000ebd80000,0x00000000ec000000)
 ParOldGen       total 44032K, used 1715K [0x00000000c0000000, 0x00000000c2b00000, 0x00000000eab00000)
  object space 44032K, 3% used [0x00000000c0000000,0x00000000c01acd70,0x00000000c2b00000)
 Metaspace       used 14853K, capacity 15038K, committed 15360K, reserved 1062912K
  class space    used 1934K, capacity 2004K, committed 2048K, reserved 1048576K
}
Event: 2.354 GC heap before
{Heap before GC invocations=2 (full 0):
 PSYoungGen      total 18944K, used 18939K [0x00000000eab00000, 0x00000000ec000000, 0x0000000100000000)
  eden space 16384K, 100% used [0x00000000eab00000,0x00000000ebb00000,0x00000000ebb00000)
  from space 2560K, 99% used [0x00000000ebb00000,0x00000000ebd7ede0,0x00000000ebd80000)
  to   space 2560K, 0% used [0x00000000ebd80000,0x00000000ebd80000,0x00000000ec000000)
 ParOldGen       total 44032K, used 1715K [0x00000000c0000000, 0x00000000c2b00000, 0x00000000eab00000)
  object space 44032K, 3% used [0x00000000c0000000,0x00000000c01acd70,0x00000000c2b00000)
 Metaspace       used 16097K, capacity 16286K, committed 16512K, reserved 1062912K
  class space    used 2072K, capacity 2164K, committed 2176K, reserved 1048576K
Event: 2.363 GC heap after
Heap after GC invocations=2 (full 0):
 PSYoungGen      total 18944K, used 2548K [0x00000000eab00000, 0x00000000ed000000, 0x0000000100000000)
  eden space 16384K, 0% used [0x00000000eab00000,0x00000000eab00000,0x00000000ebb00000)
  from space 2560K, 99% used [0x00000000ebd80000,0x00000000ebffd3d0,0x00000000ec000000)
  to   space 2560K, 0% used [0x00000000ebb00000,0x00000000ebb00000,0x00000000ebd80000)
 ParOldGen       total 44032K, used 2589K [0x00000000c0000000, 0x00000000c2b00000, 0x00000000eab00000)
  object space 44032K, 5% used [0x00000000c0000000,0x00000000c0287428,0x00000000c2b00000)
 Metaspace       used 16097K, capacity 16286K, committed 16512K, reserved 1062912K
  class space    used 2072K, capacity 2164K, committed 2176K, reserved 1048576K
}

Deoptimization events (10 events):
Event: 2.373 Thread 0x0000000016e7e800 Uncommon trap: reason=class_check action=maybe_recompile pc=0x0000000002b25a54 method=java.util.HashMap.putVal(ILjava/lang/Object;Ljava/lang/Object;ZZ)Ljava/lang/Object; @ 253
Event: 2.373 Thread 0x0000000016e7e800 Uncommon trap: reason=class_check action=maybe_recompile pc=0x0000000002b22544 method=java.util.HashMap.putVal(ILjava/lang/Object;Ljava/lang/Object;ZZ)Ljava/lang/Object; @ 253
Event: 2.611 Thread 0x0000000016e7e800 Uncommon trap: reason=predicate action=maybe_recompile pc=0x0000000002b10014 method=sun.net.www.ParseUtil.encodePath(Ljava/lang/String;Z)Ljava/lang/String; @ 36
Event: 2.794 Thread 0x0000000016e7e800 Uncommon trap: reason=unstable_if action=reinterpret pc=0x0000000002a96070 method=java.util.HashMap.getNode(ILjava/lang/Object;)Ljava/util/HashMap$Node; @ 62
Event: 2.794 Thread 0x0000000016e7e800 Uncommon trap: reason=bimorphic action=maybe_recompile pc=0x0000000002bcb09c method=java.util.HashMap.putVal(ILjava/lang/Object;Ljava/lang/Object;ZZ)Ljava/lang/Object; @ 91
Event: 2.794 Thread 0x0000000016e7e800 Uncommon trap: reason=unstable_if action=reinterpret pc=0x0000000002a6cbc0 method=java.util.HashMap.getNode(ILjava/lang/Object;)Ljava/util/HashMap$Node; @ 62
Event: 2.794 Thread 0x0000000016e7e800 Uncommon trap: reason=bimorphic action=maybe_recompile pc=0x0000000002bcb09c method=java.util.HashMap.putVal(ILjava/lang/Object;Ljava/lang/Object;ZZ)Ljava/lang/Object; @ 91
Event: 2.794 Thread 0x0000000016e7e800 Uncommon trap: reason=bimorphic action=maybe_recompile pc=0x0000000002bcb09c method=java.util.HashMap.putVal(ILjava/lang/Object;Ljava/lang/Object;ZZ)Ljava/lang/Object; @ 91
Event: 2.795 Thread 0x0000000016e7e800 Uncommon trap: reason=bimorphic action=maybe_recompile pc=0x0000000002bcb09c method=java.util.HashMap.putVal(ILjava/lang/Object;Ljava/lang/Object;ZZ)Ljava/lang/Object; @ 91
Event: 2.795 Thread 0x0000000016e7e800 Uncommon trap: reason=bimorphic action=maybe_recompile pc=0x0000000002bc7a18 method=java.util.HashMap.putVal(ILjava/lang/Object;Ljava/lang/Object;ZZ)Ljava/lang/Object; @ 91

Internal exceptions (10 events):
Event: 2.014 Thread 0x0000000016e7e800 Exception <a 'java/lang/ArrayIndexOutOfBoundsException'> (0x00000000eb847348) thrown at [C:\re\workspace\8-2-build-windows-amd64-cygwin\jdk8u111\7883\hotspot\src\share\vm\runtime\sharedRuntime.cpp, line 605]
Event: 2.014 Thread 0x0000000016e7e800 Exception <a 'java/lang/ArrayIndexOutOfBoundsException'> (0x00000000eb848720) thrown at [C:\re\workspace\8-2-build-windows-amd64-cygwin\jdk8u111\7883\hotspot\src\share\vm\runtime\sharedRuntime.cpp, line 605]
Event: 2.015 Thread 0x0000000016e7e800 Exception <a 'java/lang/ArrayIndexOutOfBoundsException'> (0x00000000eb84f0f8) thrown at [C:\re\workspace\8-2-build-windows-amd64-cygwin\jdk8u111\7883\hotspot\src\share\vm\runtime\sharedRuntime.cpp, line 605]
Event: 2.015 Thread 0x0000000016e7e800 Exception <a 'java/lang/ArrayIndexOutOfBoundsException'> (0x00000000eb850588) thrown at [C:\re\workspace\8-2-build-windows-amd64-cygwin\jdk8u111\7883\hotspot\src\share\vm\runtime\sharedRuntime.cpp, line 605]
Event: 2.015 Thread 0x0000000016e7e800 Exception <a 'java/lang/ArrayIndexOutOfBoundsException'> (0x00000000eb851dd8) thrown at [C:\re\workspace\8-2-build-windows-amd64-cygwin\jdk8u111\7883\hotspot\src\share\vm\runtime\sharedRuntime.cpp, line 605]
Event: 2.015 Thread 0x0000000016e7e800 Exception <a 'java/lang/ArrayIndexOutOfBoundsException'> (0x00000000eb853200) thrown at [C:\re\workspace\8-2-build-windows-amd64-cygwin\jdk8u111\7883\hotspot\src\share\vm\runtime\sharedRuntime.cpp, line 605]
Event: 2.016 Thread 0x0000000016e7e800 Exception <a 'java/lang/ArrayIndexOutOfBoundsException'> (0x00000000eb854158) thrown at [C:\re\workspace\8-2-build-windows-amd64-cygwin\jdk8u111\7883\hotspot\src\share\vm\runtime\sharedRuntime.cpp, line 605]
Event: 2.016 Thread 0x0000000016e7e800 Exception <a 'java/lang/ArrayIndexOutOfBoundsException'> (0x00000000eb855538) thrown at [C:\re\workspace\8-2-build-windows-amd64-cygwin\jdk8u111\7883\hotspot\src\share\vm\runtime\sharedRuntime.cpp, line 605]
Event: 2.016 Thread 0x0000000016e7e800 Exception <a 'java/lang/ArrayIndexOutOfBoundsException'> (0x00000000eb856680) thrown at [C:\re\workspace\8-2-build-windows-amd64-cygwin\jdk8u111\7883\hotspot\src\share\vm\runtime\sharedRuntime.cpp, line 605]
Event: 2.016 Thread 0x0000000016e7e800 Exception <a 'java/lang/ArrayIndexOutOfBoundsException'> (0x00000000eb857970) thrown at [C:\re\workspace\8-2-build-windows-amd64-cygwin\jdk8u111\7883\hotspot\src\share\vm\runtime\sharedRuntime.cpp, line 605]

Events (10 events):
Event: 2.826 loading class java/lang/StringIndexOutOfBoundsException
Event: 2.826 loading class java/lang/StringIndexOutOfBoundsException done
Event: 2.827 loading class org/apache/ibatis/logging/jdbc/PreparedStatementLogger
Event: 2.827 loading class org/apache/ibatis/logging/jdbc/PreparedStatementLogger done
Event: 2.828 loading class java/lang/reflect/Proxy$Key2
Event: 2.828 loading class java/lang/reflect/Proxy$Key2 done
Event: 2.828 loading class java/sql/RowId
Event: 2.828 loading class java/sql/RowId done
Event: 2.829 loading class java/sql/Ref
Event: 2.829 loading class java/sql/Ref done


Dynamic libraries:
0x00007ff6bdc40000 - 0x00007ff6bdc77000 	C:\Program Files\Java\jdk1.8.0_111\bin\java.exe
0x00007ff931cc0000 - 0x00007ff931e91000 	C:\Windows\SYSTEM32\ntdll.dll
0x00007ff92f250000 - 0x00007ff92f2fc000 	C:\Windows\System32\KERNEL32.DLL
0x00007ff92ef80000 - 0x00007ff92f19d000 	C:\Windows\System32\KERNELBASE.dll
0x00007ff9317a0000 - 0x00007ff931842000 	C:\Windows\System32\ADVAPI32.dll
0x00007ff931be0000 - 0x00007ff931c7e000 	C:\Windows\System32\msvcrt.dll
0x00007ff931850000 - 0x00007ff9318a9000 	C:\Windows\System32\sechost.dll
0x00007ff92f370000 - 0x00007ff92f491000 	C:\Windows\System32\RPCRT4.dll
0x00007ff92f4b0000 - 0x00007ff92f615000 	C:\Windows\System32\USER32.dll
0x00007ff92ecf0000 - 0x00007ff92ed0e000 	C:\Windows\System32\win32u.dll
0x00007ff9318c0000 - 0x00007ff9318f4000 	C:\Windows\System32\GDI32.dll
0x00007ff92e2b0000 - 0x00007ff92e432000 	C:\Windows\System32\gdi32full.dll
0x00007ff928490000 - 0x00007ff92870a000 	C:\Windows\WinSxS\amd64_microsoft.windows.common-controls_6595b64144ccf1df_6.0.14393.953_none_42151e83c686086b\COMCTL32.dll
0x00007ff931360000 - 0x00007ff931628000 	C:\Windows\System32\combase.dll
0x00007ff92e1b0000 - 0x00007ff92e2a5000 	C:\Windows\System32\ucrtbase.dll
0x00007ff92ec20000 - 0x00007ff92ec8a000 	C:\Windows\System32\bcryptPrimitives.dll
0x00007ff931c80000 - 0x00007ff931cae000 	C:\Windows\System32\IMM32.DLL
0x0000000052e90000 - 0x0000000052f62000 	C:\Program Files\Java\jdk1.8.0_111\jre\bin\msvcr100.dll
0x00000000525f0000 - 0x0000000052e8a000 	C:\Program Files\Java\jdk1.8.0_111\jre\bin\server\jvm.dll
0x00007ff92f4a0000 - 0x00007ff92f4a8000 	C:\Windows\System32\PSAPI.DLL
0x00007ff919980000 - 0x00007ff919989000 	C:\Windows\SYSTEM32\WSOCK32.dll
0x00007ff92c5d0000 - 0x00007ff92c5f3000 	C:\Windows\SYSTEM32\WINMM.dll
0x00007ff929c50000 - 0x00007ff929c5a000 	C:\Windows\SYSTEM32\VERSION.dll
0x00007ff931630000 - 0x00007ff93169a000 	C:\Windows\System32\WS2_32.dll
0x00007ff92c540000 - 0x00007ff92c56b000 	C:\Windows\SYSTEM32\WINMMBASE.dll
0x00007ff92e4f0000 - 0x00007ff92e532000 	C:\Windows\System32\cfgmgr32.dll
0x00000000525e0000 - 0x00000000525ef000 	C:\Program Files\Java\jdk1.8.0_111\jre\bin\verify.dll
0x00000000525b0000 - 0x00000000525d9000 	C:\Program Files\Java\jdk1.8.0_111\jre\bin\java.dll
0x0000000052590000 - 0x00000000525a6000 	C:\Program Files\Java\jdk1.8.0_111\jre\bin\zip.dll
0x00007ff92fdb0000 - 0x00007ff9312b8000 	C:\Windows\System32\SHELL32.dll
0x00007ff92e540000 - 0x00007ff92ec1a000 	C:\Windows\System32\windows.storage.dll
0x00007ff92e140000 - 0x00007ff92e18c000 	C:\Windows\System32\powrprof.dll
0x00007ff92fd50000 - 0x00007ff92fda2000 	C:\Windows\System32\shlwapi.dll
0x00007ff92e1a0000 - 0x00007ff92e1af000 	C:\Windows\System32\kernel.appcore.dll
0x00007ff92e440000 - 0x00007ff92e4e9000 	C:\Windows\System32\shcore.dll
0x00007ff92e120000 - 0x00007ff92e134000 	C:\Windows\System32\profapi.dll
0x0000000053b60000 - 0x0000000053cf8000 	C:\Program Files\Java\jdk1.8.0_111\jre\bin\awt.dll
0x00007ff931980000 - 0x00007ff931a3f000 	C:\Windows\System32\OLEAUT32.dll
0x00007ff92ed10000 - 0x00007ff92edac000 	C:\Windows\System32\msvcp_win.dll
0x00007ff92c600000 - 0x00007ff92c67a000 	C:\Windows\SYSTEM32\apphelp.dll
0x00007ff92c8a0000 - 0x00007ff92c935000 	C:\Windows\system32\uxtheme.dll
0x00007ff92f680000 - 0x00007ff92f7da000 	C:\Windows\System32\MSCTF.dll
0x00007ff92bf70000 - 0x00007ff92bf96000 	C:\Windows\system32\dwmapi.dll
0x00007ff92f7e0000 - 0x00007ff92f918000 	C:\Windows\System32\ole32.dll
0x00007ff91c1f0000 - 0x00007ff91c37d000 	C:\Windows\system32\d3d9.dll
0x00007ff8ffe00000 - 0x00007ff900eb6000 	C:\Windows\SYSTEM32\nvd3dumx.dll
0x00007ff929890000 - 0x00007ff9299fc000 	C:\Program Files (x86)\NVIDIA Corporation\3D Vision\nvSCPAPI64.dll
0x00007ff92f920000 - 0x00007ff92fd49000 	C:\Windows\System32\SETUPAPI.dll
0x00007ff929470000 - 0x00007ff9297a6000 	C:\Windows\system32\nvapi64.dll
0x00007ff92cd50000 - 0x00007ff92cd78000 	C:\Windows\SYSTEM32\DEVOBJ.dll
0x00007ff92ec90000 - 0x00007ff92ece5000 	C:\Windows\System32\WINTRUST.dll
0x00007ff92e190000 - 0x00007ff92e1a0000 	C:\Windows\System32\MSASN1.dll
0x00007ff92edb0000 - 0x00007ff92ef79000 	C:\Windows\System32\CRYPT32.dll
0x00007ff92d0a0000 - 0x00007ff92d13f000 	C:\Windows\system32\dxgi.dll
0x0000000053b10000 - 0x0000000053b57000 	C:\Program Files\Java\jdk1.8.0_111\jre\bin\fontmanager.dll
0x0000000052570000 - 0x000000005258a000 	C:\Program Files\Java\jdk1.8.0_111\jre\bin\net.dll
0x00007ff92d9f0000 - 0x00007ff92da4c000 	C:\Windows\system32\mswsock.dll
0x0000000052550000 - 0x0000000052561000 	C:\Program Files\Java\jdk1.8.0_111\jre\bin\nio.dll
0x0000000053ac0000 - 0x0000000053b02000 	C:\Program Files\Java\jdk1.8.0_111\jre\bin\t2k.dll
0x00007ff9312c0000 - 0x00007ff93135f000 	C:\Windows\System32\clbcatq.dll
0x00007ff927120000 - 0x00007ff9271f2000 	C:\Windows\System32\IME\IMEKR\imkrtip.dll
0x00007ff92bd20000 - 0x00007ff92bea5000 	C:\Windows\SYSTEM32\PROPSYS.dll
0x00007ff926fc0000 - 0x00007ff927116000 	C:\Windows\System32\IME\shared\imetip.dll
0x00007ff927a00000 - 0x00007ff927a65000 	C:\Windows\SYSTEM32\OLEACC.dll
0x00007ff91da30000 - 0x00007ff91dbd8000 	C:\Windows\SYSTEM32\DUI70.dll
0x00007ff9275e0000 - 0x00007ff927618000 	C:\Windows\System32\IME\IMEKR\imkrapi.dll
0x00007ff9275a0000 - 0x00007ff9275d5000 	C:\Windows\System32\IME\shared\imjkapi.dll
0x00007ff92d4c0000 - 0x00007ff92d4f2000 	C:\Windows\SYSTEM32\ntmarta.dll
0x00007ff92d7b0000 - 0x00007ff92d851000 	C:\Windows\SYSTEM32\DNSAPI.dll
0x00007ff9318b0000 - 0x00007ff9318b8000 	C:\Windows\System32\NSI.dll
0x00007ff92d770000 - 0x00007ff92d7a8000 	C:\Windows\SYSTEM32\IPHLPAPI.DLL
0x00007ff9272b0000 - 0x00007ff9272ba000 	C:\Windows\System32\rasadhlp.dll
0x00007ff928810000 - 0x00007ff92887a000 	C:\Windows\System32\fwpuclnt.dll
0x00007ff92e060000 - 0x00007ff92e08b000 	C:\Windows\SYSTEM32\bcrypt.dll
0x00007ff928220000 - 0x00007ff9283b2000 	C:\Windows\SYSTEM32\dbghelp.dll

VM Arguments:
jvm_args: -Dfile.encoding=x-windows-949 -Duser.country=KR -Duser.language=ko -Duser.variant 
java_command: kr.or.dgit.erp_main.ERP_Application
java_class_path (initial): D:\workspace_mybatis\erp_ksh\build\classes\main;D:\workspace_mybatis\erp_ksh\build\resources\main;C:\Users\KSH\.gradle\caches\modules-2\files-2.1\mysql\mysql-connector-java\5.1.42\80a448a3ec2178b649bb2e3cb3610fab06e11669\mysql-connector-java-5.1.42.jar;C:\Users\KSH\.gradle\caches\modules-2\files-2.1\org.mybatis\mybatis\3.4.2\2b9a5082fe0bdb3128bab8b4b19b23ca0f3d9b38\mybatis-3.4.2.jar;C:\Users\KSH\.gradle\caches\modules-2\files-2.1\junit\junit\4.12\2973d150c0dc1fefe998f834810d68f278ea58ec\junit-4.12.jar;C:\Users\KSH\.gradle\caches\modules-2\files-2.1\log4j\log4j\1.2.17\5af35056b4d257e4b64b9e8069c0746e8b08629f\log4j-1.2.17.jar;C:\Users\KSH\.gradle\caches\modules-2\files-2.1\org.hamcrest\hamcrest-core\1.3\42a25dc3219429f0e5d060061f71acb49bf010a0\hamcrest-core-1.3.jar
Launcher Type: SUN_STANDARD

Environment Variables:
JAVA_HOME=C:\Program Files\Java\jdk1.8.0_111
PATH=C:/Program Files/Java/jre1.8.0_111/bin/server;C:/Program Files/Java/jre1.8.0_111/bin;C:/Program Files/Java/jre1.8.0_111/lib/amd64;C:\Program Files\Java\jdk1.8.0_111\bin;C:\ProgramData\Oracle\Java\javapath;C:\Program Files (x86)\NVIDIA Corporation\PhysX\Common;C:\Windows\system32;C:\Windows;C:\Windows\System32\Wbem;C:\Windows\System32\WindowsPowerShell\v1.0\;C:\Program Files\MySQL\MySQL Server 5.6\bin;C:\Program Files\Git\cmd;D:\gradle-3.4.1-bin\gradle-3.4.1\bin;C:\Users\KSH\AppData\Local\Microsoft\WindowsApps;;C:\eclipse_java;
USERNAME=KSH
OS=Windows_NT
PROCESSOR_IDENTIFIER=Intel64 Family 6 Model 23 Stepping 10, GenuineIntel



---------------  S Y S T E M  ---------------

OS: Windows 10.0 , 64 bit Build 14393 (10.0.14393.1198)

CPU:total 4 (4 cores per cpu, 1 threads per core) family 6 model 23 stepping 10, cmov, cx8, fxsr, mmx, sse, sse2, sse3, ssse3, sse4.1, tsc

Memory: 4k page, physical 4192492k(650464k free), swap 10483948k(2454708k free)

vm_info: Java HotSpot(TM) 64-Bit Server VM (25.111-b14) for windows-amd64 JRE (1.8.0_111-b14), built on Sep 22 2016 19:24:05 by "java_re" with MS VC++ 10.0 (VS2010)

time: Thu May 11 13:22:45 2017
elapsed time: 2 seconds (0d 0h 0m 2s)

