#
# A fatal error has been detected by the Java Runtime Environment:
#
#  EXCEPTION_ACCESS_VIOLATION (0xc0000005) at pc=0xffffffffa43e5120, pid=5736, tid=0x000000000000215c
#
# JRE version: Java(TM) SE Runtime Environment (8.0_111-b14) (build 1.8.0_111-b14)
# Java VM: Java HotSpot(TM) 64-Bit Server VM (25.111-b14 mixed mode windows-amd64 compressed oops)
# Problematic frame:
# C  0xffffffffa43e5120
#
# Failed to write core dump. Minidumps are not enabled by default on client versions of Windows
#
# If you would like to submit a bug report, please visit:
#   http://bugreport.java.com/bugreport/crash.jsp
#

---------------  T H R E A D  ---------------

Current thread (0x00000000175ac000):  JavaThread "AWT-EventQueue-0" [_thread_in_Java, id=8540, stack(0x00000000186c0000,0x00000000187c0000)]

siginfo: ExceptionCode=0xc0000005, ExceptionInformation=0x0000000000000008 0xffffffffa43e5120

Registers:
RAX=0x000000001b7f9608, RBX=0x000000001b7f9608, RCX=0x00000000eb1ff850, RDX=0x00000000eb1ff850
RSP=0x00000000187bbef8, RBP=0x00000000187bbf58, RSI=0x0000000000000003, RDI=0x0000000000000000
R8 =0x00000000eb1e5440, R9 =0x0000000000000000, R10=0x0000000052dec0c0, R11=0x00000000035ed2c0
R12=0x0000000000000000, R13=0x00000000187bbf08, R14=0x0000000000000000, R15=0x00000000175ac000
RIP=0xffffffffa43e5120, EFLAGS=0x0000000000010206

Top of Stack: (sp=0x00000000187bbef8)
0x00000000187bbef8:   00000000033e809d 00000000033e809d
0x00000000187bbf08:   00000000eb1e5440 00000000eb1ff850
0x00000000187bbf18:   00000000187bbf18 000000001b8988eb
0x00000000187bbf28:   00000000187bbfa8 000000001b89b2e8
0x00000000187bbf38:   0000000000000000 000000001b898a98
0x00000000187bbf48:   00000000187bbf08 00000000187bbf90
0x00000000187bbf58:   00000000187bbff0 00000000033e809d
0x00000000187bbf68:   0000000000000000 0000000000000000
0x00000000187bbf78:   0000000000000000 0000000000000081
0x00000000187bbf88:   0000000000000000 00000000eb1e5428
0x00000000187bbf98:   0000000000000081 0000000000000015
0x00000000187bbfa8:   00000000eb1e4ea8 00000000187bbfb0
0x00000000187bbfb8:   000000001b894cc5 00000000187bc058
0x00000000187bbfc8:   000000001b89b2e8 0000000000000000
0x00000000187bbfd8:   000000001b894de0 00000000187bbf90
0x00000000187bbfe8:   00000000187bc018 00000000187bc0a0 

Instructions: (pc=0xffffffffa43e5120)
0xffffffffa43e5100:   
[error occurred during error reporting (printing registers, top of stack, instructions near pc), id 0xc0000005]

Register to memory mapping:

RAX={method} {0x000000001b7f9610} 'setValues' '(Lcom/sun/org/apache/xerces/internal/xni/QName;)V' in 'com/sun/org/apache/xerces/internal/xni/QName'
RBX={method} {0x000000001b7f9610} 'setValues' '(Lcom/sun/org/apache/xerces/internal/xni/QName;)V' in 'com/sun/org/apache/xerces/internal/xni/QName'
RCX=0x00000000eb1ff850 is an oop
com.sun.org.apache.xerces.internal.xni.QName 
 - klass: 'com/sun/org/apache/xerces/internal/xni/QName'
RDX=0x00000000eb1ff850 is an oop
com.sun.org.apache.xerces.internal.xni.QName 
 - klass: 'com/sun/org/apache/xerces/internal/xni/QName'
RSP=0x00000000187bbef8 is pointing into the stack for thread: 0x00000000175ac000
RBP=0x00000000187bbf58 is pointing into the stack for thread: 0x00000000175ac000
RSI=0x0000000000000003 is an unknown value
RDI=0x0000000000000000 is an unknown value
R8 =0x00000000eb1e5440 is an oop
com.sun.org.apache.xerces.internal.xni.QName 
 - klass: 'com/sun/org/apache/xerces/internal/xni/QName'
R9 =0x0000000000000000 is an unknown value
R10=0x0000000052dec0c0 is an unknown value
R11=0x00000000035ed2c0 is at entry_point+32 in (nmethod*)0x00000000035ed150
R12=0x0000000000000000 is an unknown value
R13=0x00000000187bbf08 is pointing into the stack for thread: 0x00000000175ac000
R14=0x0000000000000000 is an unknown value
R15=0x00000000175ac000 is a thread


Stack: [0x00000000186c0000,0x00000000187c0000],  sp=0x00000000187bbef8,  free space=1007k
Native frames: (J=compiled Java code, j=interpreted, Vv=VM code, C=native code)
C  0xffffffffa43e5120


---------------  P R O C E S S  ---------------

Java Threads: ( => current thread )
  0x0000000017fc8800 JavaThread "Abandoned connection cleanup thread" daemon [_thread_blocked, id=4196, stack(0x000000001bc20000,0x000000001bd20000)]
  0x0000000017b80000 JavaThread "D3D Screen Updater" daemon [_thread_blocked, id=8936, stack(0x000000001b420000,0x000000001b520000)]
  0x00000000032e0800 JavaThread "DestroyJavaVM" [_thread_blocked, id=6652, stack(0x00000000031e0000,0x00000000032e0000)]
=>0x00000000175ac000 JavaThread "AWT-EventQueue-0" [_thread_in_Java, id=8540, stack(0x00000000186c0000,0x00000000187c0000)]
  0x00000000175a8800 JavaThread "AWT-Windows" daemon [_thread_in_native, id=8552, stack(0x0000000018490000,0x0000000018590000)]
  0x000000001759b800 JavaThread "AWT-Shutdown" [_thread_blocked, id=8500, stack(0x0000000018390000,0x0000000018490000)]
  0x000000001759b000 JavaThread "Java2D Disposer" daemon [_thread_blocked, id=8504, stack(0x0000000018290000,0x0000000018390000)]
  0x000000001723f000 JavaThread "Service Thread" daemon [_thread_blocked, id=9012, stack(0x00000000177c0000,0x00000000178c0000)]
  0x00000000171cb000 JavaThread "C1 CompilerThread2" daemon [_thread_blocked, id=8144, stack(0x00000000176c0000,0x00000000177c0000)]
  0x0000000015b2d800 JavaThread "C2 CompilerThread1" daemon [_thread_blocked, id=3188, stack(0x00000000175c0000,0x00000000176c0000)]
  0x0000000015b2a000 JavaThread "C2 CompilerThread0" daemon [_thread_blocked, id=8496, stack(0x00000000170c0000,0x00000000171c0000)]
  0x0000000015b28800 JavaThread "Attach Listener" daemon [_thread_blocked, id=8492, stack(0x0000000016fc0000,0x00000000170c0000)]
  0x0000000015add000 JavaThread "Signal Dispatcher" daemon [_thread_blocked, id=9008, stack(0x0000000016ec0000,0x0000000016fc0000)]
  0x0000000015aba800 JavaThread "Finalizer" daemon [_thread_blocked, id=9004, stack(0x0000000016d30000,0x0000000016e30000)]
  0x00000000033cf800 JavaThread "Reference Handler" daemon [_thread_blocked, id=8996, stack(0x0000000016c30000,0x0000000016d30000)]

Other Threads:
  0x0000000015a98000 VMThread [stack: 0x0000000016b30000,0x0000000016c30000] [id=8976]
  0x00000000172a6800 WatcherThread [stack: 0x00000000178c0000,0x00000000179c0000] [id=9016]

VM state:not at safepoint (normal execution)

VM Mutex/Monitor currently owned by a thread: None

Heap:
 PSYoungGen      total 18944K, used 9829K [0x00000000eab00000, 0x00000000ec000000, 0x0000000100000000)
  eden space 16384K, 44% used [0x00000000eab00000,0x00000000eb21a7a8,0x00000000ebb00000)
  from space 2560K, 99% used [0x00000000ebb00000,0x00000000ebd7ede0,0x00000000ebd80000)
  to   space 2560K, 0% used [0x00000000ebd80000,0x00000000ebd80000,0x00000000ec000000)
 ParOldGen       total 44032K, used 1723K [0x00000000c0000000, 0x00000000c2b00000, 0x00000000eab00000)
  object space 44032K, 3% used [0x00000000c0000000,0x00000000c01aedb8,0x00000000c2b00000)
 Metaspace       used 15427K, capacity 15678K, committed 16000K, reserved 1062912K
  class space    used 1986K, capacity 2068K, committed 2176K, reserved 1048576K

Card table byte_map: [0x00000000127a0000,0x00000000129b0000] byte_map_base: 0x00000000121a0000

Marking Bits: (ParMarkBitMap*) 0x0000000052e0a6c0
 Begin Bits: [0x0000000012f10000, 0x0000000013f10000)
 End Bits:   [0x0000000013f10000, 0x0000000014f10000)

Polling page: 0x00000000012c0000

CodeCache: size=245760Kb used=3149Kb max_used=3149Kb free=242610Kb
 bounds [0x00000000033e0000, 0x0000000003700000, 0x00000000123e0000]
 total_blobs=1385 nmethods=897 adapters=403
 compilation: enabled

Compilation events (10 events):
Event: 2.419 Thread 0x0000000015b2d800 nmethod 884% 0x00000000036f15d0 code [0x00000000036f1720, 0x00000000036f1b18]
Event: 2.420 Thread 0x00000000171cb000 nmethod 890 0x00000000036efdd0 code [0x00000000036effa0, 0x00000000036f0638]
Event: 2.420 Thread 0x00000000171cb000  893       3       com.sun.org.apache.xerces.internal.impl.dtd.DTDGrammar::getAttributeDecl (173 bytes)
Event: 2.420 Thread 0x0000000015b2a000 nmethod 896 0x00000000036d2dd0 code [0x00000000036d2f00, 0x00000000036d2f98]
Event: 2.421 Thread 0x00000000171cb000 nmethod 893 0x00000000036f23d0 code [0x00000000036f25a0, 0x00000000036f2ba8]
Event: 2.421 Thread 0x00000000171cb000  894       3       com.sun.org.apache.xerces.internal.impl.dtd.XMLSimpleType::setValues (82 bytes)
Event: 2.421 Thread 0x00000000171cb000 nmethod 894 0x00000000036f1d10 code [0x00000000036f1e80, 0x00000000036f2268]
Event: 2.421 Thread 0x00000000171cb000  895       3       com.sun.org.apache.xerces.internal.impl.dtd.DTDGrammar::getNextAttributeDeclIndex (20 bytes)
Event: 2.421 Thread 0x00000000171cb000 nmethod 895 0x00000000036ef950 code [0x00000000036efac0, 0x00000000036efc70]
Event: 2.421 Thread 0x00000000171cb000  891       3       com.sun.org.apache.xerces.internal.impl.XMLDTDScannerImpl::skipSeparator (148 bytes)

GC Heap History (2 events):
Event: 2.240 GC heap before
{Heap before GC invocations=1 (full 0):
 PSYoungGen      total 18944K, used 16318K [0x00000000eab00000, 0x00000000ec000000, 0x0000000100000000)
  eden space 16384K, 99% used [0x00000000eab00000,0x00000000ebaefad0,0x00000000ebb00000)
  from space 2560K, 0% used [0x00000000ebd80000,0x00000000ebd80000,0x00000000ec000000)
  to   space 2560K, 0% used [0x00000000ebb00000,0x00000000ebb00000,0x00000000ebd80000)
 ParOldGen       total 44032K, used 0K [0x00000000c0000000, 0x00000000c2b00000, 0x00000000eab00000)
  object space 44032K, 0% used [0x00000000c0000000,0x00000000c0000000,0x00000000c2b00000)
 Metaspace       used 14839K, capacity 15038K, committed 15360K, reserved 1062912K
  class space    used 1929K, capacity 2004K, committed 2048K, reserved 1048576K
Event: 2.254 GC heap after
Heap after GC invocations=1 (full 0):
 PSYoungGen      total 18944K, used 2555K [0x00000000eab00000, 0x00000000ec000000, 0x0000000100000000)
  eden space 16384K, 0% used [0x00000000eab00000,0x00000000eab00000,0x00000000ebb00000)
  from space 2560K, 99% used [0x00000000ebb00000,0x00000000ebd7ede0,0x00000000ebd80000)
  to   space 2560K, 0% used [0x00000000ebd80000,0x00000000ebd80000,0x00000000ec000000)
 ParOldGen       total 44032K, used 1723K [0x00000000c0000000, 0x00000000c2b00000, 0x00000000eab00000)
  object space 44032K, 3% used [0x00000000c0000000,0x00000000c01aedb8,0x00000000c2b00000)
 Metaspace       used 14839K, capacity 15038K, committed 15360K, reserved 1062912K
  class space    used 1929K, capacity 2004K, committed 2048K, reserved 1048576K
}

Deoptimization events (7 events):
Event: 0.485 Thread 0x00000000175ac000 Uncommon trap: reason=null_check action=make_not_entrant pc=0x000000000355431c method=java.lang.String.equals(Ljava/lang/Object;)Z @ 8
Event: 2.210 Thread 0x00000000175ac000 Uncommon trap: reason=class_check action=maybe_recompile pc=0x000000000365fa64 method=java.io.DataInputStream.readChar()C @ 4
Event: 2.210 Thread 0x00000000175ac000 Uncommon trap: reason=class_check action=maybe_recompile pc=0x000000000365fa64 method=java.io.DataInputStream.readChar()C @ 4
Event: 2.210 Thread 0x00000000175ac000 Uncommon trap: reason=class_check action=maybe_recompile pc=0x000000000365fa64 method=java.io.DataInputStream.readChar()C @ 4
Event: 2.210 Thread 0x00000000175ac000 Uncommon trap: reason=class_check action=maybe_recompile pc=0x000000000365fa64 method=java.io.DataInputStream.readChar()C @ 4
Event: 2.289 Thread 0x00000000175ac000 Uncommon trap: reason=unstable_if action=reinterpret pc=0x0000000003649250 method=sun.nio.cs.UTF_8$Encoder.encode([CII[B)I @ 33
Event: 2.319 Thread 0x00000000175ac000 Uncommon trap: reason=unstable_if action=reinterpret pc=0x00000000035f0d3c method=java.lang.String.indexOf([CII[CIII)I @ 3

Internal exceptions (10 events):
Event: 2.159 Thread 0x00000000175ac000 Exception <a 'java/lang/ArrayIndexOutOfBoundsException'> (0x00000000eb84b2c8) thrown at [C:\re\workspace\8-2-build-windows-amd64-cygwin\jdk8u111\7883\hotspot\src\share\vm\runtime\sharedRuntime.cpp, line 605]
Event: 2.160 Thread 0x00000000175ac000 Exception <a 'java/lang/ArrayIndexOutOfBoundsException'> (0x00000000eb84c6a0) thrown at [C:\re\workspace\8-2-build-windows-amd64-cygwin\jdk8u111\7883\hotspot\src\share\vm\runtime\sharedRuntime.cpp, line 605]
Event: 2.162 Thread 0x00000000175ac000 Exception <a 'java/lang/ArrayIndexOutOfBoundsException'> (0x00000000eb853078) thrown at [C:\re\workspace\8-2-build-windows-amd64-cygwin\jdk8u111\7883\hotspot\src\share\vm\runtime\sharedRuntime.cpp, line 605]
Event: 2.163 Thread 0x00000000175ac000 Exception <a 'java/lang/ArrayIndexOutOfBoundsException'> (0x00000000eb854508) thrown at [C:\re\workspace\8-2-build-windows-amd64-cygwin\jdk8u111\7883\hotspot\src\share\vm\runtime\sharedRuntime.cpp, line 605]
Event: 2.163 Thread 0x00000000175ac000 Exception <a 'java/lang/ArrayIndexOutOfBoundsException'> (0x00000000eb855d58) thrown at [C:\re\workspace\8-2-build-windows-amd64-cygwin\jdk8u111\7883\hotspot\src\share\vm\runtime\sharedRuntime.cpp, line 605]
Event: 2.163 Thread 0x00000000175ac000 Exception <a 'java/lang/ArrayIndexOutOfBoundsException'> (0x00000000eb857180) thrown at [C:\re\workspace\8-2-build-windows-amd64-cygwin\jdk8u111\7883\hotspot\src\share\vm\runtime\sharedRuntime.cpp, line 605]
Event: 2.163 Thread 0x00000000175ac000 Exception <a 'java/lang/ArrayIndexOutOfBoundsException'> (0x00000000eb8580d8) thrown at [C:\re\workspace\8-2-build-windows-amd64-cygwin\jdk8u111\7883\hotspot\src\share\vm\runtime\sharedRuntime.cpp, line 605]
Event: 2.163 Thread 0x00000000175ac000 Exception <a 'java/lang/ArrayIndexOutOfBoundsException'> (0x00000000eb8594b8) thrown at [C:\re\workspace\8-2-build-windows-amd64-cygwin\jdk8u111\7883\hotspot\src\share\vm\runtime\sharedRuntime.cpp, line 605]
Event: 2.163 Thread 0x00000000175ac000 Exception <a 'java/lang/ArrayIndexOutOfBoundsException'> (0x00000000eb85a600) thrown at [C:\re\workspace\8-2-build-windows-amd64-cygwin\jdk8u111\7883\hotspot\src\share\vm\runtime\sharedRuntime.cpp, line 605]
Event: 2.163 Thread 0x00000000175ac000 Exception <a 'java/lang/ArrayIndexOutOfBoundsException'> (0x00000000eb85b8f0) thrown at [C:\re\workspace\8-2-build-windows-amd64-cygwin\jdk8u111\7883\hotspot\src\share\vm\runtime\sharedRuntime.cpp, line 605]

Events (10 events):
Event: 2.406 loading class org/apache/ibatis/annotations/SelectProvider
Event: 2.406 loading class org/apache/ibatis/annotations/SelectProvider done
Event: 2.406 loading class org/apache/ibatis/annotations/InsertProvider
Event: 2.406 loading class org/apache/ibatis/annotations/InsertProvider done
Event: 2.407 loading class org/apache/ibatis/annotations/UpdateProvider
Event: 2.407 loading class org/apache/ibatis/annotations/UpdateProvider done
Event: 2.408 loading class org/apache/ibatis/annotations/DeleteProvider
Event: 2.408 loading class org/apache/ibatis/annotations/DeleteProvider done
Event: 2.409 loading class org/apache/ibatis/builder/xml/XMLMapperBuilder
Event: 2.409 loading class org/apache/ibatis/builder/xml/XMLMapperBuilder done


Dynamic libraries:
0x00007ff6bdc40000 - 0x00007ff6bdc77000 	C:\Program Files\Java\jdk1.8.0_111\bin\java.exe
0x00007ff931cc0000 - 0x00007ff931e91000 	C:\Windows\SYSTEM32\ntdll.dll
0x00007ff92f250000 - 0x00007ff92f2fc000 	C:\Windows\System32\KERNEL32.DLL
0x00007ff92ef80000 - 0x00007ff92f19d000 	C:\Windows\System32\KERNELBASE.dll
0x00007ff9317a0000 - 0x00007ff931842000 	C:\Windows\System32\ADVAPI32.dll
0x00007ff931be0000 - 0x00007ff931c7e000 	C:\Windows\System32\msvcrt.dll
0x00007ff931850000 - 0x00007ff9318a9000 	C:\Windows\System32\sechost.dll
0x00007ff92f370000 - 0x00007ff92f491000 	C:\Windows\System32\RPCRT4.dll
0x00007ff92f4b0000 - 0x00007ff92f615000 	C:\Windows\System32\USER32.dll
0x00007ff92ecf0000 - 0x00007ff92ed0e000 	C:\Windows\System32\win32u.dll
0x00007ff9318c0000 - 0x00007ff9318f4000 	C:\Windows\System32\GDI32.dll
0x00007ff92e2b0000 - 0x00007ff92e432000 	C:\Windows\System32\gdi32full.dll
0x00007ff928490000 - 0x00007ff92870a000 	C:\Windows\WinSxS\amd64_microsoft.windows.common-controls_6595b64144ccf1df_6.0.14393.953_none_42151e83c686086b\COMCTL32.dll
0x00007ff931360000 - 0x00007ff931628000 	C:\Windows\System32\combase.dll
0x00007ff92e1b0000 - 0x00007ff92e2a5000 	C:\Windows\System32\ucrtbase.dll
0x00007ff92ec20000 - 0x00007ff92ec8a000 	C:\Windows\System32\bcryptPrimitives.dll
0x00007ff931c80000 - 0x00007ff931cae000 	C:\Windows\System32\IMM32.DLL
0x0000000052e90000 - 0x0000000052f62000 	C:\Program Files\Java\jdk1.8.0_111\jre\bin\msvcr100.dll
0x00000000525f0000 - 0x0000000052e8a000 	C:\Program Files\Java\jdk1.8.0_111\jre\bin\server\jvm.dll
0x00007ff92f4a0000 - 0x00007ff92f4a8000 	C:\Windows\System32\PSAPI.DLL
0x00007ff919980000 - 0x00007ff919989000 	C:\Windows\SYSTEM32\WSOCK32.dll
0x00007ff931630000 - 0x00007ff93169a000 	C:\Windows\System32\WS2_32.dll
0x00007ff92c5d0000 - 0x00007ff92c5f3000 	C:\Windows\SYSTEM32\WINMM.dll
0x00007ff929c50000 - 0x00007ff929c5a000 	C:\Windows\SYSTEM32\VERSION.dll
0x0000000002e10000 - 0x0000000002e3b000 	C:\Windows\SYSTEM32\WINMMBASE.dll
0x00007ff92e4f0000 - 0x00007ff92e532000 	C:\Windows\System32\cfgmgr32.dll
0x00000000525e0000 - 0x00000000525ef000 	C:\Program Files\Java\jdk1.8.0_111\jre\bin\verify.dll
0x00000000525b0000 - 0x00000000525d9000 	C:\Program Files\Java\jdk1.8.0_111\jre\bin\java.dll
0x0000000052590000 - 0x00000000525a6000 	C:\Program Files\Java\jdk1.8.0_111\jre\bin\zip.dll
0x00007ff92fdb0000 - 0x00007ff9312b8000 	C:\Windows\System32\SHELL32.dll
0x00007ff92e540000 - 0x00007ff92ec1a000 	C:\Windows\System32\windows.storage.dll
0x00007ff92e140000 - 0x00007ff92e18c000 	C:\Windows\System32\powrprof.dll
0x00007ff92fd50000 - 0x00007ff92fda2000 	C:\Windows\System32\shlwapi.dll
0x00007ff92e1a0000 - 0x00007ff92e1af000 	C:\Windows\System32\kernel.appcore.dll
0x00007ff92e440000 - 0x00007ff92e4e9000 	C:\Windows\System32\shcore.dll
0x00007ff92e120000 - 0x00007ff92e134000 	C:\Windows\System32\profapi.dll
0x0000000053b60000 - 0x0000000053cf8000 	C:\Program Files\Java\jdk1.8.0_111\jre\bin\awt.dll
0x00007ff931980000 - 0x00007ff931a3f000 	C:\Windows\System32\OLEAUT32.dll
0x00007ff92ed10000 - 0x00007ff92edac000 	C:\Windows\System32\msvcp_win.dll
0x00007ff92c600000 - 0x00007ff92c67a000 	C:\Windows\SYSTEM32\apphelp.dll
0x00007ff92c8a0000 - 0x00007ff92c935000 	C:\Windows\system32\uxtheme.dll
0x00007ff92f680000 - 0x00007ff92f7da000 	C:\Windows\System32\MSCTF.dll
0x00007ff92bf70000 - 0x00007ff92bf96000 	C:\Windows\system32\dwmapi.dll
0x00007ff92f7e0000 - 0x00007ff92f918000 	C:\Windows\System32\ole32.dll
0x00007ff91c1f0000 - 0x00007ff91c37d000 	C:\Windows\system32\d3d9.dll
0x00007ff8ffe00000 - 0x00007ff900eb6000 	C:\Windows\SYSTEM32\nvd3dumx.dll
0x00007ff929890000 - 0x00007ff9299fc000 	C:\Program Files (x86)\NVIDIA Corporation\3D Vision\nvSCPAPI64.dll
0x00007ff92f920000 - 0x00007ff92fd49000 	C:\Windows\System32\SETUPAPI.dll
0x00007ff929470000 - 0x00007ff9297a6000 	C:\Windows\system32\nvapi64.dll
0x00007ff92cd50000 - 0x00007ff92cd78000 	C:\Windows\SYSTEM32\DEVOBJ.dll
0x00007ff92ec90000 - 0x00007ff92ece5000 	C:\Windows\System32\WINTRUST.dll
0x00007ff92e190000 - 0x00007ff92e1a0000 	C:\Windows\System32\MSASN1.dll
0x00007ff92edb0000 - 0x00007ff92ef79000 	C:\Windows\System32\CRYPT32.dll
0x00007ff92d0a0000 - 0x00007ff92d13f000 	C:\Windows\system32\dxgi.dll
0x0000000053b10000 - 0x0000000053b57000 	C:\Program Files\Java\jdk1.8.0_111\jre\bin\fontmanager.dll
0x0000000052570000 - 0x000000005258a000 	C:\Program Files\Java\jdk1.8.0_111\jre\bin\net.dll
0x00007ff92d9f0000 - 0x00007ff92da4c000 	C:\Windows\system32\mswsock.dll
0x0000000052550000 - 0x0000000052561000 	C:\Program Files\Java\jdk1.8.0_111\jre\bin\nio.dll
0x0000000053ac0000 - 0x0000000053b02000 	C:\Program Files\Java\jdk1.8.0_111\jre\bin\t2k.dll
0x00007ff9312c0000 - 0x00007ff93135f000 	C:\Windows\System32\clbcatq.dll
0x00007ff927120000 - 0x00007ff9271f2000 	C:\Windows\System32\IME\IMEKR\imkrtip.dll
0x00007ff92bd20000 - 0x00007ff92bea5000 	C:\Windows\SYSTEM32\PROPSYS.dll
0x00007ff926fc0000 - 0x00007ff927116000 	C:\Windows\System32\IME\shared\imetip.dll
0x00007ff927a00000 - 0x00007ff927a65000 	C:\Windows\SYSTEM32\OLEACC.dll
0x00007ff91da30000 - 0x00007ff91dbd8000 	C:\Windows\SYSTEM32\DUI70.dll
0x00007ff9275e0000 - 0x00007ff927618000 	C:\Windows\System32\IME\IMEKR\imkrapi.dll
0x00007ff9275a0000 - 0x00007ff9275d5000 	C:\Windows\System32\IME\shared\imjkapi.dll
0x00007ff92d4c0000 - 0x00007ff92d4f2000 	C:\Windows\SYSTEM32\ntmarta.dll
0x00007ff928220000 - 0x00007ff9283b2000 	C:\Windows\SYSTEM32\dbghelp.dll

VM Arguments:
jvm_args: -Dfile.encoding=x-windows-949 -Duser.country=KR -Duser.language=ko -Duser.variant 
java_command: kr.or.dgit.erp_main.ERP_Application
java_class_path (initial): D:\workspace_mybatis\erp_ksh\build\classes\main;D:\workspace_mybatis\erp_ksh\build\resources\main;C:\Users\KSH\.gradle\caches\modules-2\files-2.1\mysql\mysql-connector-java\5.1.42\80a448a3ec2178b649bb2e3cb3610fab06e11669\mysql-connector-java-5.1.42.jar;C:\Users\KSH\.gradle\caches\modules-2\files-2.1\org.mybatis\mybatis\3.4.2\2b9a5082fe0bdb3128bab8b4b19b23ca0f3d9b38\mybatis-3.4.2.jar;C:\Users\KSH\.gradle\caches\modules-2\files-2.1\junit\junit\4.12\2973d150c0dc1fefe998f834810d68f278ea58ec\junit-4.12.jar;C:\Users\KSH\.gradle\caches\modules-2\files-2.1\log4j\log4j\1.2.17\5af35056b4d257e4b64b9e8069c0746e8b08629f\log4j-1.2.17.jar;C:\Users\KSH\.gradle\caches\modules-2\files-2.1\org.hamcrest\hamcrest-core\1.3\42a25dc3219429f0e5d060061f71acb49bf010a0\hamcrest-core-1.3.jar
Launcher Type: SUN_STANDARD

Environment Variables:
JAVA_HOME=C:\Program Files\Java\jdk1.8.0_111
PATH=C:/Program Files/Java/jre1.8.0_111/bin/server;C:/Program Files/Java/jre1.8.0_111/bin;C:/Program Files/Java/jre1.8.0_111/lib/amd64;C:\Program Files\Java\jdk1.8.0_111\bin;C:\ProgramData\Oracle\Java\javapath;C:\Program Files (x86)\NVIDIA Corporation\PhysX\Common;C:\Windows\system32;C:\Windows;C:\Windows\System32\Wbem;C:\Windows\System32\WindowsPowerShell\v1.0\;C:\Program Files\MySQL\MySQL Server 5.6\bin;C:\Program Files\Git\cmd;D:\gradle-3.4.1-bin\gradle-3.4.1\bin;C:\Users\KSH\AppData\Local\Microsoft\WindowsApps;;C:\eclipse_java;
USERNAME=KSH
OS=Windows_NT
PROCESSOR_IDENTIFIER=Intel64 Family 6 Model 23 Stepping 10, GenuineIntel



---------------  S Y S T E M  ---------------

OS: Windows 10.0 , 64 bit Build 14393 (10.0.14393.1198)

CPU:total 4 (4 cores per cpu, 1 threads per core) family 6 model 23 stepping 10, cmov, cx8, fxsr, mmx, sse, sse2, sse3, ssse3, sse4.1, tsc

Memory: 4k page, physical 4192492k(837344k free), swap 10483948k(2326104k free)

vm_info: Java HotSpot(TM) 64-Bit Server VM (25.111-b14) for windows-amd64 JRE (1.8.0_111-b14), built on Sep 22 2016 19:24:05 by "java_re" with MS VC++ 10.0 (VS2010)

time: Thu May 11 11:28:43 2017
elapsed time: 2 seconds (0d 0h 0m 2s)

