#
# A fatal error has been detected by the Java Runtime Environment:
#
#  EXCEPTION_ACCESS_VIOLATION (0xc0000005) at pc=0xffffffffa37c5120, pid=6656, tid=0x00000000000001d8
#
# JRE version: Java(TM) SE Runtime Environment (8.0_111-b14) (build 1.8.0_111-b14)
# Java VM: Java HotSpot(TM) 64-Bit Server VM (25.111-b14 mixed mode windows-amd64 compressed oops)
# Problematic frame:
# C  0xffffffffa37c5120
#
# Failed to write core dump. Minidumps are not enabled by default on client versions of Windows
#
# If you would like to submit a bug report, please visit:
#   http://bugreport.java.com/bugreport/crash.jsp
#

---------------  T H R E A D  ---------------

Current thread (0x0000000016a5d800):  JavaThread "AWT-EventQueue-0" [_thread_in_Java, id=472, stack(0x0000000017b20000,0x0000000017c20000)]

siginfo: ExceptionCode=0xc0000005, ExceptionInformation=0x0000000000000008 0xffffffffa37c5120

Registers:
RAX=0x000000001455f460, RBX=0x000000001455f460, RCX=0x00000000eab52538, RDX=0x00000000eab52538
RSP=0x0000000017c1c1a8, RBP=0x0000000017c1c210, RSI=0x0000000000000001, RDI=0x0000000000000001
R8 =0x0000000000000000, R9 =0x00000000eac793e8, R10=0x0000000052dec0c0, R11=0x0000000002a82ba0
R12=0x0000000000000000, R13=0x0000000017c1c1c0, R14=0x0000000017c1c258, R15=0x0000000016a5d800
RIP=0xffffffffa37c5120, EFLAGS=0x0000000000010202

Top of Stack: (sp=0x0000000017c1c1a8)
0x0000000017c1c1a8:   00000000027c809d 0000000017c1c210
0x0000000017c1c1b8:   00000000027c809d 0000000000000000
0x0000000017c1c1c8:   00000000eab52538 0000000017c1c1d0
0x0000000017c1c1d8:   000000001b159578 0000000017c1c258
0x0000000017c1c1e8:   000000001b159848 000000001b15da70
0x0000000017c1c1f8:   000000001b159628 0000000017c1c1c0
0x0000000017c1c208:   0000000017c1c250 0000000017c1c2a0
0x0000000017c1c218:   00000000027c809d 0000000000000020
0x0000000017c1c228:   0000000000000000 0000000000000fca
0x0000000017c1c238:   0000000000007e55 00000000ffffffff
0x0000000017c1c248:   0000000000000001 00000000eac79418
0x0000000017c1c258:   00000000eab524f0 0000000017c1c260
0x0000000017c1c268:   000000001b1592b1 0000000017c1c2c8
0x0000000017c1c278:   000000001b159848 0000000000000000
0x0000000017c1c288:   000000001b1592d0 0000000017c1c250
0x0000000017c1c298:   0000000017c1c2c0 0000000017c1c310 

Instructions: (pc=0xffffffffa37c5120)
0xffffffffa37c5100:   
[error occurred during error reporting (printing registers, top of stack, instructions near pc), id 0xc0000005]

Register to memory mapping:

RAX={method} {0x000000001455f468} 'setLength' '(I)V' in 'java/lang/StringBuffer'
RBX={method} {0x000000001455f468} 'setLength' '(I)V' in 'java/lang/StringBuffer'
RCX=0x00000000eab52538 is an oop
java.lang.StringBuffer 
 - klass: 'java/lang/StringBuffer'
RDX=0x00000000eab52538 is an oop
java.lang.StringBuffer 
 - klass: 'java/lang/StringBuffer'
RSP=0x0000000017c1c1a8 is pointing into the stack for thread: 0x0000000016a5d800
RBP=0x0000000017c1c210 is pointing into the stack for thread: 0x0000000016a5d800
RSI=0x0000000000000001 is an unknown value
RDI=0x0000000000000001 is an unknown value
R8 =0x0000000000000000 is an unknown value
R9 =0x00000000eac793e8 is an oop
[C 
 - klass: {type array char}
 - length: 1
R10=0x0000000052dec0c0 is an unknown value
R11=0x0000000002a82ba0 is at entry_point+32 in (nmethod*)0x0000000002a82a10
R12=0x0000000000000000 is an unknown value
R13=0x0000000017c1c1c0 is pointing into the stack for thread: 0x0000000016a5d800
R14=0x0000000017c1c258 is pointing into the stack for thread: 0x0000000016a5d800
R15=0x0000000016a5d800 is a thread


Stack: [0x0000000017b20000,0x0000000017c20000],  sp=0x0000000017c1c1a8,  free space=1008k
Native frames: (J=compiled Java code, j=interpreted, Vv=VM code, C=native code)
C  0xffffffffa37c5120


---------------  P R O C E S S  ---------------

Java Threads: ( => current thread )
  0x0000000017249800 JavaThread "TimerQueue" daemon [_thread_blocked, id=1772, stack(0x000000001aca0000,0x000000001ada0000)]
  0x0000000017039000 JavaThread "D3D Screen Updater" daemon [_thread_blocked, id=7576, stack(0x000000001a840000,0x000000001a940000)]
  0x00000000026c0800 JavaThread "DestroyJavaVM" [_thread_blocked, id=7204, stack(0x00000000025c0000,0x00000000026c0000)]
=>0x0000000016a5d800 JavaThread "AWT-EventQueue-0" [_thread_in_Java, id=472, stack(0x0000000017b20000,0x0000000017c20000)]
  0x0000000016a5b800 JavaThread "AWT-Windows" daemon [_thread_in_native, id=1628, stack(0x0000000017930000,0x0000000017a30000)]
  0x0000000016a59000 JavaThread "AWT-Shutdown" [_thread_blocked, id=8584, stack(0x0000000017830000,0x0000000017930000)]
  0x0000000016a57000 JavaThread "Java2D Disposer" daemon [_thread_blocked, id=8696, stack(0x0000000017730000,0x0000000017830000)]
  0x000000001669d800 JavaThread "Service Thread" daemon [_thread_blocked, id=6716, stack(0x0000000016c60000,0x0000000016d60000)]
  0x0000000016666000 JavaThread "C1 CompilerThread2" daemon [_thread_blocked, id=3844, stack(0x0000000016b60000,0x0000000016c60000)]
  0x0000000014eed800 JavaThread "C2 CompilerThread1" daemon [_thread_blocked, id=6440, stack(0x0000000016a60000,0x0000000016b60000)]
  0x0000000014eeb000 JavaThread "C2 CompilerThread0" daemon [_thread_blocked, id=4608, stack(0x0000000016560000,0x0000000016660000)]
  0x0000000014ee9800 JavaThread "Attach Listener" daemon [_thread_blocked, id=8564, stack(0x0000000016460000,0x0000000016560000)]
  0x0000000014e9f000 JavaThread "Signal Dispatcher" daemon [_thread_blocked, id=6300, stack(0x0000000016360000,0x0000000016460000)]
  0x00000000027ba800 JavaThread "Finalizer" daemon [_thread_blocked, id=7836, stack(0x00000000160e0000,0x00000000161e0000)]
  0x00000000027af800 JavaThread "Reference Handler" daemon [_thread_blocked, id=8872, stack(0x0000000015fe0000,0x00000000160e0000)]

Other Threads:
  0x0000000014e57000 VMThread [stack: 0x0000000015ee0000,0x0000000015fe0000] [id=1924]
  0x000000001671b000 WatcherThread [stack: 0x0000000016d60000,0x0000000016e60000] [id=8740]

VM state:not at safepoint (normal execution)

VM Mutex/Monitor currently owned by a thread: None

Heap:
 PSYoungGen      total 18944K, used 4312K [0x00000000eab00000, 0x00000000ec000000, 0x0000000100000000)
  eden space 16384K, 10% used [0x00000000eab00000,0x00000000eacb9158,0x00000000ebb00000)
  from space 2560K, 99% used [0x00000000ebb00000,0x00000000ebd7cfd8,0x00000000ebd80000)
  to   space 2560K, 0% used [0x00000000ebd80000,0x00000000ebd80000,0x00000000ec000000)
 ParOldGen       total 44032K, used 1152K [0x00000000c0000000, 0x00000000c2b00000, 0x00000000eab00000)
  object space 44032K, 2% used [0x00000000c0000000,0x00000000c0120160,0x00000000c2b00000)
 Metaspace       used 16010K, capacity 16250K, committed 16384K, reserved 1062912K
  class space    used 2149K, capacity 2233K, committed 2304K, reserved 1048576K

Card table byte_map: [0x0000000011b80000,0x0000000011d90000] byte_map_base: 0x0000000011580000

Marking Bits: (ParMarkBitMap*) 0x0000000052e0a6c0
 Begin Bits: [0x00000000122f0000, 0x00000000132f0000)
 End Bits:   [0x00000000132f0000, 0x00000000142f0000)

Polling page: 0x00000000003d0000

CodeCache: size=245760Kb used=2931Kb max_used=2946Kb free=242828Kb
 bounds [0x00000000027c0000, 0x0000000002ab0000, 0x00000000117c0000]
 total_blobs=1281 nmethods=796 adapters=400
 compilation: enabled

Compilation events (10 events):
Event: 2.503 Thread 0x0000000014eeb000 nmethod 770 0x0000000002a876d0 code [0x0000000002a878a0, 0x0000000002a893d0]
Event: 2.503 Thread 0x0000000014eeb000  794  s    4       java.lang.StringBuffer::setLength (11 bytes)
Event: 2.505 Thread 0x0000000016666000 nmethod 790 0x0000000002a98390 code [0x0000000002a98800, 0x0000000002a9b388]
Event: 2.505 Thread 0x0000000016666000  788       3       java.text.PatternEntry::<init> (55 bytes)
Event: 2.505 Thread 0x0000000016666000 nmethod 788 0x0000000002a86cd0 code [0x0000000002a86e60, 0x0000000002a87498]
Event: 2.505 Thread 0x0000000016666000  789       3       java.text.MergeCollation::fixEntry (358 bytes)
Event: 2.506 Thread 0x0000000014eed800 nmethod 793 0x0000000002a85dd0 code [0x0000000002a85f20, 0x0000000002a86258]
Event: 2.507 Thread 0x0000000014eed800  795  s    4       java.lang.StringBuffer::toString (36 bytes)
Event: 2.508 Thread 0x0000000014eeb000 nmethod 794 0x0000000002a95c90 code [0x0000000002a95de0, 0x0000000002a963b8]
Event: 2.509 Thread 0x0000000014eeb000  796       4       java.util.ArrayList::add (29 bytes)

GC Heap History (2 events):
Event: 2.463 GC heap before
{Heap before GC invocations=1 (full 0):
 PSYoungGen      total 18944K, used 16384K [0x00000000eab00000, 0x00000000ec000000, 0x0000000100000000)
  eden space 16384K, 100% used [0x00000000eab00000,0x00000000ebb00000,0x00000000ebb00000)
  from space 2560K, 0% used [0x00000000ebd80000,0x00000000ebd80000,0x00000000ec000000)
  to   space 2560K, 0% used [0x00000000ebb00000,0x00000000ebb00000,0x00000000ebd80000)
 ParOldGen       total 44032K, used 0K [0x00000000c0000000, 0x00000000c2b00000, 0x00000000eab00000)
  object space 44032K, 0% used [0x00000000c0000000,0x00000000c0000000,0x00000000c2b00000)
 Metaspace       used 15925K, capacity 16154K, committed 16384K, reserved 1062912K
  class space    used 2141K, capacity 2201K, committed 2304K, reserved 1048576K
Event: 2.475 GC heap after
Heap after GC invocations=1 (full 0):
 PSYoungGen      total 18944K, used 2547K [0x00000000eab00000, 0x00000000ec000000, 0x0000000100000000)
  eden space 16384K, 0% used [0x00000000eab00000,0x00000000eab00000,0x00000000ebb00000)
  from space 2560K, 99% used [0x00000000ebb00000,0x00000000ebd7cfd8,0x00000000ebd80000)
  to   space 2560K, 0% used [0x00000000ebd80000,0x00000000ebd80000,0x00000000ec000000)
 ParOldGen       total 44032K, used 1152K [0x00000000c0000000, 0x00000000c2b00000, 0x00000000eab00000)
  object space 44032K, 2% used [0x00000000c0000000,0x00000000c0120160,0x00000000c2b00000)
 Metaspace       used 15925K, capacity 16154K, committed 16384K, reserved 1062912K
  class space    used 2141K, capacity 2201K, committed 2304K, reserved 1048576K
}

Deoptimization events (10 events):
Event: 0.458 Thread 0x0000000016a5d800 Uncommon trap: reason=null_check action=make_not_entrant pc=0x0000000002932378 method=java.lang.String.equals(Ljava/lang/Object;)Z @ 8
Event: 2.149 Thread 0x0000000016a5d800 Uncommon trap: reason=bimorphic action=maybe_recompile pc=0x00000000029e95ec method=java.util.HashMap.getNode(ILjava/lang/Object;)Ljava/util/HashMap$Node; @ 126
Event: 2.149 Thread 0x0000000016a5d800 Uncommon trap: reason=bimorphic action=maybe_recompile pc=0x00000000029e95ec method=java.util.HashMap.getNode(ILjava/lang/Object;)Ljava/util/HashMap$Node; @ 126
Event: 2.153 Thread 0x0000000016a5d800 Uncommon trap: reason=bimorphic action=maybe_recompile pc=0x00000000029e95ec method=java.util.HashMap.getNode(ILjava/lang/Object;)Ljava/util/HashMap$Node; @ 126
Event: 2.153 Thread 0x0000000016a5d800 Uncommon trap: reason=bimorphic action=maybe_recompile pc=0x00000000029e95ec method=java.util.HashMap.getNode(ILjava/lang/Object;)Ljava/util/HashMap$Node; @ 126
Event: 2.155 Thread 0x0000000016a5d800 Uncommon trap: reason=bimorphic action=maybe_recompile pc=0x00000000029d9b84 method=java.util.HashMap.getNode(ILjava/lang/Object;)Ljava/util/HashMap$Node; @ 126
Event: 2.484 Thread 0x0000000016a5d800 Uncommon trap: reason=class_check action=maybe_recompile pc=0x0000000002a7f2e4 method=java.io.DataInputStream.readChar()C @ 4
Event: 2.484 Thread 0x0000000016a5d800 Uncommon trap: reason=class_check action=maybe_recompile pc=0x0000000002a7f2e4 method=java.io.DataInputStream.readChar()C @ 4
Event: 2.484 Thread 0x0000000016a5d800 Uncommon trap: reason=class_check action=maybe_recompile pc=0x0000000002a7f2e4 method=java.io.DataInputStream.readChar()C @ 4
Event: 2.484 Thread 0x0000000016a5d800 Uncommon trap: reason=class_check action=maybe_recompile pc=0x0000000002a7f2e4 method=java.io.DataInputStream.readChar()C @ 4

Internal exceptions (10 events):
Event: 2.429 Thread 0x0000000016a5d800 Exception <a 'java/lang/ArrayIndexOutOfBoundsException'> (0x00000000eb974ec0) thrown at [C:\re\workspace\8-2-build-windows-amd64-cygwin\jdk8u111\7883\hotspot\src\share\vm\runtime\sharedRuntime.cpp, line 605]
Event: 2.429 Thread 0x0000000016a5d800 Exception <a 'java/lang/ArrayIndexOutOfBoundsException'> (0x00000000eb976298) thrown at [C:\re\workspace\8-2-build-windows-amd64-cygwin\jdk8u111\7883\hotspot\src\share\vm\runtime\sharedRuntime.cpp, line 605]
Event: 2.430 Thread 0x0000000016a5d800 Exception <a 'java/lang/ArrayIndexOutOfBoundsException'> (0x00000000eb97cc70) thrown at [C:\re\workspace\8-2-build-windows-amd64-cygwin\jdk8u111\7883\hotspot\src\share\vm\runtime\sharedRuntime.cpp, line 605]
Event: 2.430 Thread 0x0000000016a5d800 Exception <a 'java/lang/ArrayIndexOutOfBoundsException'> (0x00000000eb97e100) thrown at [C:\re\workspace\8-2-build-windows-amd64-cygwin\jdk8u111\7883\hotspot\src\share\vm\runtime\sharedRuntime.cpp, line 605]
Event: 2.430 Thread 0x0000000016a5d800 Exception <a 'java/lang/ArrayIndexOutOfBoundsException'> (0x00000000eb97f950) thrown at [C:\re\workspace\8-2-build-windows-amd64-cygwin\jdk8u111\7883\hotspot\src\share\vm\runtime\sharedRuntime.cpp, line 605]
Event: 2.431 Thread 0x0000000016a5d800 Exception <a 'java/lang/ArrayIndexOutOfBoundsException'> (0x00000000eb980d78) thrown at [C:\re\workspace\8-2-build-windows-amd64-cygwin\jdk8u111\7883\hotspot\src\share\vm\runtime\sharedRuntime.cpp, line 605]
Event: 2.431 Thread 0x0000000016a5d800 Exception <a 'java/lang/ArrayIndexOutOfBoundsException'> (0x00000000eb981cd0) thrown at [C:\re\workspace\8-2-build-windows-amd64-cygwin\jdk8u111\7883\hotspot\src\share\vm\runtime\sharedRuntime.cpp, line 605]
Event: 2.431 Thread 0x0000000016a5d800 Exception <a 'java/lang/ArrayIndexOutOfBoundsException'> (0x00000000eb9830b0) thrown at [C:\re\workspace\8-2-build-windows-amd64-cygwin\jdk8u111\7883\hotspot\src\share\vm\runtime\sharedRuntime.cpp, line 605]
Event: 2.431 Thread 0x0000000016a5d800 Exception <a 'java/lang/ArrayIndexOutOfBoundsException'> (0x00000000eb9841f8) thrown at [C:\re\workspace\8-2-build-windows-amd64-cygwin\jdk8u111\7883\hotspot\src\share\vm\runtime\sharedRuntime.cpp, line 605]
Event: 2.431 Thread 0x0000000016a5d800 Exception <a 'java/lang/ArrayIndexOutOfBoundsException'> (0x00000000eb9854e8) thrown at [C:\re\workspace\8-2-build-windows-amd64-cygwin\jdk8u111\7883\hotspot\src\share\vm\runtime\sharedRuntime.cpp, line 605]

Events (10 events):
Event: 2.487 loading class sun/text/normalizer/UnicodeMatcher done
Event: 2.487 loading class sun/text/normalizer/UnicodeSet done
Event: 2.488 loading class sun/text/normalizer/NormalizerImpl$DecomposeArgs
Event: 2.488 loading class sun/text/normalizer/NormalizerImpl$DecomposeArgs done
Event: 2.492 loading class java/text/MergeCollation
Event: 2.492 loading class java/text/MergeCollation done
Event: 2.492 loading class java/text/PatternEntry$Parser
Event: 2.492 loading class java/text/PatternEntry$Parser done
Event: 2.493 loading class java/text/PatternEntry
Event: 2.493 loading class java/text/PatternEntry done


Dynamic libraries:
0x00007ff6bdc40000 - 0x00007ff6bdc77000 	C:\Program Files\Java\jdk1.8.0_111\bin\java.exe
0x00007ff931cc0000 - 0x00007ff931e91000 	C:\Windows\SYSTEM32\ntdll.dll
0x00007ff92f250000 - 0x00007ff92f2fc000 	C:\Windows\System32\KERNEL32.DLL
0x00007ff92ef80000 - 0x00007ff92f19d000 	C:\Windows\System32\KERNELBASE.dll
0x00007ff9317a0000 - 0x00007ff931842000 	C:\Windows\System32\ADVAPI32.dll
0x00007ff931be0000 - 0x00007ff931c7e000 	C:\Windows\System32\msvcrt.dll
0x00007ff931850000 - 0x00007ff9318a9000 	C:\Windows\System32\sechost.dll
0x00007ff92f370000 - 0x00007ff92f491000 	C:\Windows\System32\RPCRT4.dll
0x00007ff92f4b0000 - 0x00007ff92f615000 	C:\Windows\System32\USER32.dll
0x00007ff92ecf0000 - 0x00007ff92ed0e000 	C:\Windows\System32\win32u.dll
0x00007ff9318c0000 - 0x00007ff9318f4000 	C:\Windows\System32\GDI32.dll
0x00007ff92e2b0000 - 0x00007ff92e432000 	C:\Windows\System32\gdi32full.dll
0x00007ff928490000 - 0x00007ff92870a000 	C:\Windows\WinSxS\amd64_microsoft.windows.common-controls_6595b64144ccf1df_6.0.14393.953_none_42151e83c686086b\COMCTL32.dll
0x00007ff931360000 - 0x00007ff931628000 	C:\Windows\System32\combase.dll
0x00007ff92e1b0000 - 0x00007ff92e2a5000 	C:\Windows\System32\ucrtbase.dll
0x00007ff92ec20000 - 0x00007ff92ec8a000 	C:\Windows\System32\bcryptPrimitives.dll
0x00007ff931c80000 - 0x00007ff931cae000 	C:\Windows\System32\IMM32.DLL
0x0000000052e90000 - 0x0000000052f62000 	C:\Program Files\Java\jdk1.8.0_111\jre\bin\msvcr100.dll
0x00000000525f0000 - 0x0000000052e8a000 	C:\Program Files\Java\jdk1.8.0_111\jre\bin\server\jvm.dll
0x00007ff92f4a0000 - 0x00007ff92f4a8000 	C:\Windows\System32\PSAPI.DLL
0x00007ff919980000 - 0x00007ff919989000 	C:\Windows\SYSTEM32\WSOCK32.dll
0x00007ff931630000 - 0x00007ff93169a000 	C:\Windows\System32\WS2_32.dll
0x00007ff92c5d0000 - 0x00007ff92c5f3000 	C:\Windows\SYSTEM32\WINMM.dll
0x00007ff929c50000 - 0x00007ff929c5a000 	C:\Windows\SYSTEM32\VERSION.dll
0x00007ff92c540000 - 0x00007ff92c56b000 	C:\Windows\SYSTEM32\WINMMBASE.dll
0x00007ff92e4f0000 - 0x00007ff92e532000 	C:\Windows\System32\cfgmgr32.dll
0x00000000525e0000 - 0x00000000525ef000 	C:\Program Files\Java\jdk1.8.0_111\jre\bin\verify.dll
0x00000000525b0000 - 0x00000000525d9000 	C:\Program Files\Java\jdk1.8.0_111\jre\bin\java.dll
0x0000000052590000 - 0x00000000525a6000 	C:\Program Files\Java\jdk1.8.0_111\jre\bin\zip.dll
0x00007ff92fdb0000 - 0x00007ff9312b8000 	C:\Windows\System32\SHELL32.dll
0x00007ff92e540000 - 0x00007ff92ec1a000 	C:\Windows\System32\windows.storage.dll
0x00007ff92e140000 - 0x00007ff92e18c000 	C:\Windows\System32\powrprof.dll
0x00007ff92fd50000 - 0x00007ff92fda2000 	C:\Windows\System32\shlwapi.dll
0x00007ff92e1a0000 - 0x00007ff92e1af000 	C:\Windows\System32\kernel.appcore.dll
0x00007ff92e440000 - 0x00007ff92e4e9000 	C:\Windows\System32\shcore.dll
0x00007ff92e120000 - 0x00007ff92e134000 	C:\Windows\System32\profapi.dll
0x0000000053b60000 - 0x0000000053cf8000 	C:\Program Files\Java\jdk1.8.0_111\jre\bin\awt.dll
0x00007ff931980000 - 0x00007ff931a3f000 	C:\Windows\System32\OLEAUT32.dll
0x00007ff92ed10000 - 0x00007ff92edac000 	C:\Windows\System32\msvcp_win.dll
0x00007ff92c600000 - 0x00007ff92c67a000 	C:\Windows\SYSTEM32\apphelp.dll
0x00007ff92c8a0000 - 0x00007ff92c935000 	C:\Windows\system32\uxtheme.dll
0x00007ff92f680000 - 0x00007ff92f7da000 	C:\Windows\System32\MSCTF.dll
0x00007ff92bf70000 - 0x00007ff92bf96000 	C:\Windows\system32\dwmapi.dll
0x00007ff92f7e0000 - 0x00007ff92f918000 	C:\Windows\System32\ole32.dll
0x00007ff91c1f0000 - 0x00007ff91c37d000 	C:\Windows\system32\d3d9.dll
0x00007ff8ffe00000 - 0x00007ff900eb6000 	C:\Windows\SYSTEM32\nvd3dumx.dll
0x00007ff929890000 - 0x00007ff9299fc000 	C:\Program Files (x86)\NVIDIA Corporation\3D Vision\nvSCPAPI64.dll
0x00007ff92f920000 - 0x00007ff92fd49000 	C:\Windows\System32\SETUPAPI.dll
0x00007ff929470000 - 0x00007ff9297a6000 	C:\Windows\system32\nvapi64.dll
0x00007ff92cd50000 - 0x00007ff92cd78000 	C:\Windows\SYSTEM32\DEVOBJ.dll
0x00007ff92ec90000 - 0x00007ff92ece5000 	C:\Windows\System32\WINTRUST.dll
0x00007ff92e190000 - 0x00007ff92e1a0000 	C:\Windows\System32\MSASN1.dll
0x00007ff92edb0000 - 0x00007ff92ef79000 	C:\Windows\System32\CRYPT32.dll
0x00007ff92d0a0000 - 0x00007ff92d13f000 	C:\Windows\system32\dxgi.dll
0x0000000053b10000 - 0x0000000053b57000 	C:\Program Files\Java\jdk1.8.0_111\jre\bin\fontmanager.dll
0x0000000052570000 - 0x000000005258a000 	C:\Program Files\Java\jdk1.8.0_111\jre\bin\net.dll
0x00007ff92d9f0000 - 0x00007ff92da4c000 	C:\Windows\system32\mswsock.dll
0x0000000052550000 - 0x0000000052561000 	C:\Program Files\Java\jdk1.8.0_111\jre\bin\nio.dll
0x0000000053ac0000 - 0x0000000053b02000 	C:\Program Files\Java\jdk1.8.0_111\jre\bin\t2k.dll
0x00007ff9312c0000 - 0x00007ff93135f000 	C:\Windows\System32\clbcatq.dll
0x00007ff927120000 - 0x00007ff9271f2000 	C:\Windows\System32\IME\IMEKR\imkrtip.dll
0x00007ff92bd20000 - 0x00007ff92bea5000 	C:\Windows\SYSTEM32\PROPSYS.dll
0x00007ff926fc0000 - 0x00007ff927116000 	C:\Windows\System32\IME\shared\imetip.dll
0x00007ff927a00000 - 0x00007ff927a65000 	C:\Windows\SYSTEM32\OLEACC.dll
0x00007ff91da30000 - 0x00007ff91dbd8000 	C:\Windows\SYSTEM32\DUI70.dll
0x00007ff9275e0000 - 0x00007ff927618000 	C:\Windows\System32\IME\IMEKR\imkrapi.dll
0x00007ff9275a0000 - 0x00007ff9275d5000 	C:\Windows\System32\IME\shared\imjkapi.dll
0x00007ff92d4c0000 - 0x00007ff92d4f2000 	C:\Windows\SYSTEM32\ntmarta.dll
0x00007ff928220000 - 0x00007ff9283b2000 	C:\Windows\SYSTEM32\dbghelp.dll

VM Arguments:
jvm_args: -Dfile.encoding=x-windows-949 -Duser.country=KR -Duser.language=ko -Duser.variant 
java_command: kr.or.dgit.erp_main.ERP_Application
java_class_path (initial): D:\workspace_mybatis\erp_ksh\build\classes\main;D:\workspace_mybatis\erp_ksh\build\resources\main;C:\Users\KSH\.gradle\caches\modules-2\files-2.1\mysql\mysql-connector-java\5.1.42\80a448a3ec2178b649bb2e3cb3610fab06e11669\mysql-connector-java-5.1.42.jar;C:\Users\KSH\.gradle\caches\modules-2\files-2.1\org.mybatis\mybatis\3.4.2\2b9a5082fe0bdb3128bab8b4b19b23ca0f3d9b38\mybatis-3.4.2.jar;C:\Users\KSH\.gradle\caches\modules-2\files-2.1\junit\junit\4.12\2973d150c0dc1fefe998f834810d68f278ea58ec\junit-4.12.jar;C:\Users\KSH\.gradle\caches\modules-2\files-2.1\log4j\log4j\1.2.17\5af35056b4d257e4b64b9e8069c0746e8b08629f\log4j-1.2.17.jar;C:\Users\KSH\.gradle\caches\modules-2\files-2.1\org.hamcrest\hamcrest-core\1.3\42a25dc3219429f0e5d060061f71acb49bf010a0\hamcrest-core-1.3.jar
Launcher Type: SUN_STANDARD

Environment Variables:
JAVA_HOME=C:\Program Files\Java\jdk1.8.0_111
PATH=C:/Program Files/Java/jre1.8.0_111/bin/server;C:/Program Files/Java/jre1.8.0_111/bin;C:/Program Files/Java/jre1.8.0_111/lib/amd64;C:\Program Files\Java\jdk1.8.0_111\bin;C:\ProgramData\Oracle\Java\javapath;C:\Program Files (x86)\NVIDIA Corporation\PhysX\Common;C:\Windows\system32;C:\Windows;C:\Windows\System32\Wbem;C:\Windows\System32\WindowsPowerShell\v1.0\;C:\Program Files\MySQL\MySQL Server 5.6\bin;C:\Program Files\Git\cmd;D:\gradle-3.4.1-bin\gradle-3.4.1\bin;C:\Users\KSH\AppData\Local\Microsoft\WindowsApps;;C:\eclipse_java;
USERNAME=KSH
OS=Windows_NT
PROCESSOR_IDENTIFIER=Intel64 Family 6 Model 23 Stepping 10, GenuineIntel



---------------  S Y S T E M  ---------------

OS: Windows 10.0 , 64 bit Build 14393 (10.0.14393.1198)

CPU:total 4 (4 cores per cpu, 1 threads per core) family 6 model 23 stepping 10, cmov, cx8, fxsr, mmx, sse, sse2, sse3, ssse3, sse4.1, tsc

Memory: 4k page, physical 4192492k(540660k free), swap 10483948k(2094712k free)

vm_info: Java HotSpot(TM) 64-Bit Server VM (25.111-b14) for windows-amd64 JRE (1.8.0_111-b14), built on Sep 22 2016 19:24:05 by "java_re" with MS VC++ 10.0 (VS2010)

time: Thu May 11 12:30:40 2017
elapsed time: 2 seconds (0d 0h 0m 2s)

