#
# A fatal error has been detected by the Java Runtime Environment:
#
#  EXCEPTION_ACCESS_VIOLATION (0xc0000005) at pc=0xffffffffa4235120, pid=5744, tid=0x000000000000119c
#
# JRE version: Java(TM) SE Runtime Environment (8.0_111-b14) (build 1.8.0_111-b14)
# Java VM: Java HotSpot(TM) 64-Bit Server VM (25.111-b14 mixed mode windows-amd64 compressed oops)
# Problematic frame:
# C  0xffffffffa4235120
#
# Failed to write core dump. Minidumps are not enabled by default on client versions of Windows
#
# If you would like to submit a bug report, please visit:
#   http://bugreport.java.com/bugreport/crash.jsp
#

---------------  T H R E A D  ---------------

Current thread (0x000000001736c800):  JavaThread "AWT-EventQueue-0" [_thread_in_Java, id=4508, stack(0x0000000017ca0000,0x0000000017da0000)]

siginfo: ExceptionCode=0xc0000005, ExceptionInformation=0x0000000000000008 0xffffffffa4235120

Registers:
RAX=0x00000000150afde8, RBX=0x00000000150afde8, RCX=0x00000000eb36a288, RDX=0x00000000eb36a288
RSP=0x0000000017d99b18, RBP=0x0000000017d99b88, RSI=0x000000000000000f, RDI=0x00000001000fe100
R8 =0x00000000eb36a288, R9 =0x00000000eb36a288, R10=0x0000000052dec0c0, R11=0x00000000034a9720
R12=0x0000000000000000, R13=0x0000000017d99b30, R14=0x0000000017d99bc8, R15=0x000000001736c800
RIP=0xffffffffa4235120, EFLAGS=0x0000000000010202

Top of Stack: (sp=0x0000000017d99b18)
0x0000000017d99b18:   0000000003237e20 0000000000000000
0x0000000017d99b28:   0000000003237e20 00000000eb36a288
0x0000000017d99b38:   0000000000000001 00000000eb36a288
0x0000000017d99b48:   0000000017d99b38 00000000150b0329
0x0000000017d99b58:   0000000017d99bc8 00000000150b1350
0x0000000017d99b68:   000000001bbf0138 00000000150b03b8
0x0000000017d99b78:   0000000017d99b30 0000000017d99bb0
0x0000000017d99b88:   0000000017d99c10 0000000003237ae0
0x0000000017d99b98:   0000000000000000 0000000000000000
0x0000000017d99ba8:   0000000000000000 0000000000000010
0x0000000017d99bb8:   0000000000000000 00000000eb36c4a0
0x0000000017d99bc8:   00000000eb36a288 0000000017d99bd0
0x0000000017d99bd8:   000000001564237a 0000000017d99c48
0x0000000017d99be8:   0000000015602b28 0000000000000000
0x0000000017d99bf8:   00000000156423b0 0000000017d99bb0
0x0000000017d99c08:   0000000017d99c30 0000000017d99c90 

Instructions: (pc=0xffffffffa4235120)
0xffffffffa4235100:   
[error occurred during error reporting (printing registers, top of stack, instructions near pc), id 0xc0000005]

Register to memory mapping:

RAX={method} {0x00000000150afdf0} 'getBufIfOpen' '()[B' in 'java/io/BufferedInputStream'
RBX={method} {0x00000000150afdf0} 'getBufIfOpen' '()[B' in 'java/io/BufferedInputStream'
RCX=0x00000000eb36a288 is an oop
java.io.BufferedInputStream 
 - klass: 'java/io/BufferedInputStream'
RDX=0x00000000eb36a288 is an oop
java.io.BufferedInputStream 
 - klass: 'java/io/BufferedInputStream'
RSP=0x0000000017d99b18 is pointing into the stack for thread: 0x000000001736c800
RBP=0x0000000017d99b88 is pointing into the stack for thread: 0x000000001736c800
RSI=0x000000000000000f is an unknown value
RDI=0x00000001000fe100 is pointing into metadata
R8 =0x00000000eb36a288 is an oop
java.io.BufferedInputStream 
 - klass: 'java/io/BufferedInputStream'
R9 =0x00000000eb36a288 is an oop
java.io.BufferedInputStream 
 - klass: 'java/io/BufferedInputStream'
R10=0x0000000052dec0c0 is an unknown value
R11=0x00000000034a9720 is at entry_point+32 in (nmethod*)0x00000000034a9590
R12=0x0000000000000000 is an unknown value
R13=0x0000000017d99b30 is pointing into the stack for thread: 0x000000001736c800
R14=0x0000000017d99bc8 is pointing into the stack for thread: 0x000000001736c800
R15=0x000000001736c800 is a thread


Stack: [0x0000000017ca0000,0x0000000017da0000],  sp=0x0000000017d99b18,  free space=998k
Native frames: (J=compiled Java code, j=interpreted, Vv=VM code, C=native code)
C  0xffffffffa4235120


---------------  P R O C E S S  ---------------

Java Threads: ( => current thread )
  0x000000001824a000 JavaThread "Abandoned connection cleanup thread" daemon [_thread_blocked, id=2840, stack(0x000000001b9c0000,0x000000001bac0000)]
  0x0000000017e6e000 JavaThread "D3D Screen Updater" daemon [_thread_blocked, id=364, stack(0x000000001b190000,0x000000001b290000)]
  0x0000000003130800 JavaThread "DestroyJavaVM" [_thread_blocked, id=5760, stack(0x0000000003030000,0x0000000003130000)]
=>0x000000001736c800 JavaThread "AWT-EventQueue-0" [_thread_in_Java, id=4508, stack(0x0000000017ca0000,0x0000000017da0000)]
  0x000000001736a800 JavaThread "AWT-Windows" daemon [_thread_in_native, id=8616, stack(0x0000000017a40000,0x0000000017b40000)]
  0x0000000017368000 JavaThread "AWT-Shutdown" [_thread_blocked, id=8600, stack(0x0000000017940000,0x0000000017a40000)]
  0x0000000017366000 JavaThread "Java2D Disposer" daemon [_thread_blocked, id=5496, stack(0x0000000017840000,0x0000000017940000)]
  0x0000000016ff3000 JavaThread "Service Thread" daemon [_thread_blocked, id=5756, stack(0x0000000017570000,0x0000000017670000)]
  0x0000000016f74000 JavaThread "C1 CompilerThread2" daemon [_thread_blocked, id=3620, stack(0x0000000017470000,0x0000000017570000)]
  0x0000000016f70800 JavaThread "C2 CompilerThread1" daemon [_thread_blocked, id=1812, stack(0x0000000017370000,0x0000000017470000)]
  0x000000001595a000 JavaThread "C2 CompilerThread0" daemon [_thread_blocked, id=7696, stack(0x0000000016e70000,0x0000000016f70000)]
  0x0000000015958800 JavaThread "Attach Listener" daemon [_thread_blocked, id=2072, stack(0x0000000016d70000,0x0000000016e70000)]
  0x000000001590d000 JavaThread "Signal Dispatcher" daemon [_thread_blocked, id=9212, stack(0x0000000016c70000,0x0000000016d70000)]
  0x00000000158ea800 JavaThread "Finalizer" daemon [_thread_blocked, id=9044, stack(0x0000000016b60000,0x0000000016c60000)]
  0x000000000321f800 JavaThread "Reference Handler" daemon [_thread_blocked, id=8148, stack(0x0000000016a60000,0x0000000016b60000)]

Other Threads:
  0x00000000158c8000 VMThread [stack: 0x0000000016960000,0x0000000016a60000] [id=4492]
  0x000000001702e000 WatcherThread [stack: 0x0000000017670000,0x0000000017770000] [id=7344]

VM state:not at safepoint (normal execution)

VM Mutex/Monitor currently owned by a thread: None

Heap:
 PSYoungGen      total 18944K, used 11360K [0x00000000eab00000, 0x00000000ed000000, 0x0000000100000000)
  eden space 16384K, 53% used [0x00000000eab00000,0x00000000eb3992e0,0x00000000ebb00000)
  from space 2560K, 99% used [0x00000000ebd80000,0x00000000ebffee20,0x00000000ec000000)
  to   space 2560K, 0% used [0x00000000ebb00000,0x00000000ebb00000,0x00000000ebd80000)
 ParOldGen       total 44032K, used 2633K [0x00000000c0000000, 0x00000000c2b00000, 0x00000000eab00000)
  object space 44032K, 5% used [0x00000000c0000000,0x00000000c02926f8,0x00000000c2b00000)
 Metaspace       used 17609K, capacity 17796K, committed 17920K, reserved 1064960K
  class space    used 2200K, capacity 2261K, committed 2304K, reserved 1048576K

Card table byte_map: [0x00000000125f0000,0x0000000012800000] byte_map_base: 0x0000000011ff0000

Marking Bits: (ParMarkBitMap*) 0x0000000052e0a6c0
 Begin Bits: [0x0000000012d60000, 0x0000000013d60000)
 End Bits:   [0x0000000013d60000, 0x0000000014d60000)

Polling page: 0x0000000002f20000

CodeCache: size=245760Kb used=3812Kb max_used=3812Kb free=241947Kb
 bounds [0x0000000003230000, 0x00000000035f0000, 0x0000000012230000]
 total_blobs=1648 nmethods=1117 adapters=446
 compilation: enabled

Compilation events (10 events):
Event: 2.637 Thread 0x0000000016f74000 nmethod 1108 0x00000000035e50d0 code [0x00000000035e5240, 0x00000000035e54a8]
Event: 2.637 Thread 0x0000000016f74000 1104       3       java.util.TreeMap$Entry::<init> (25 bytes)
Event: 2.637 Thread 0x000000001595a000 nmethod 1110 0x00000000035e6d90 code [0x00000000035e6ee0, 0x00000000035e6fd8]
Event: 2.637 Thread 0x0000000016f74000 nmethod 1104 0x00000000035e4cd0 code [0x00000000035e4e20, 0x00000000035e5010]
Event: 2.637 Thread 0x0000000016f74000 1106       3       java.util.TreeMap::colorOf (13 bytes)
Event: 2.637 Thread 0x0000000016f74000 nmethod 1106 0x00000000035e4950 code [0x00000000035e4aa0, 0x00000000035e4c30]
Event: 2.637 Thread 0x0000000016f70800 nmethod 1109 0x00000000035e4590 code [0x00000000035e46e0, 0x00000000035e4838]
Event: 2.641 Thread 0x0000000016f74000 1111       3       java.io.DataInputStream::readUTF (501 bytes)
Event: 2.641 Thread 0x000000001595a000 1114       4       java.io.BufferedInputStream::getBufIfOpen (21 bytes)
Event: 2.641 Thread 0x000000001595a000 nmethod 1114 0x00000000035e5590 code [0x00000000035e56c0, 0x00000000035e5738]

GC Heap History (4 events):
Event: 2.172 GC heap before
{Heap before GC invocations=1 (full 0):
 PSYoungGen      total 18944K, used 16320K [0x00000000eab00000, 0x00000000ec000000, 0x0000000100000000)
  eden space 16384K, 99% used [0x00000000eab00000,0x00000000ebaf0238,0x00000000ebb00000)
  from space 2560K, 0% used [0x00000000ebd80000,0x00000000ebd80000,0x00000000ec000000)
  to   space 2560K, 0% used [0x00000000ebb00000,0x00000000ebb00000,0x00000000ebd80000)
 ParOldGen       total 44032K, used 0K [0x00000000c0000000, 0x00000000c2b00000, 0x00000000eab00000)
  object space 44032K, 0% used [0x00000000c0000000,0x00000000c0000000,0x00000000c2b00000)
 Metaspace       used 14857K, capacity 15038K, committed 15360K, reserved 1062912K
  class space    used 1934K, capacity 2004K, committed 2048K, reserved 1048576K
Event: 2.184 GC heap after
Heap after GC invocations=1 (full 0):
 PSYoungGen      total 18944K, used 2546K [0x00000000eab00000, 0x00000000ec000000, 0x0000000100000000)
  eden space 16384K, 0% used [0x00000000eab00000,0x00000000eab00000,0x00000000ebb00000)
  from space 2560K, 99% used [0x00000000ebb00000,0x00000000ebd7c820,0x00000000ebd80000)
  to   space 2560K, 0% used [0x00000000ebd80000,0x00000000ebd80000,0x00000000ec000000)
 ParOldGen       total 44032K, used 1744K [0x00000000c0000000, 0x00000000c2b00000, 0x00000000eab00000)
  object space 44032K, 3% used [0x00000000c0000000,0x00000000c01b4040,0x00000000c2b00000)
 Metaspace       used 14857K, capacity 15038K, committed 15360K, reserved 1062912K
  class space    used 1934K, capacity 2004K, committed 2048K, reserved 1048576K
}
Event: 2.444 GC heap before
{Heap before GC invocations=2 (full 0):
 PSYoungGen      total 18944K, used 18930K [0x00000000eab00000, 0x00000000ec000000, 0x0000000100000000)
  eden space 16384K, 100% used [0x00000000eab00000,0x00000000ebb00000,0x00000000ebb00000)
  from space 2560K, 99% used [0x00000000ebb00000,0x00000000ebd7c820,0x00000000ebd80000)
  to   space 2560K, 0% used [0x00000000ebd80000,0x00000000ebd80000,0x00000000ec000000)
 ParOldGen       total 44032K, used 1744K [0x00000000c0000000, 0x00000000c2b00000, 0x00000000eab00000)
  object space 44032K, 3% used [0x00000000c0000000,0x00000000c01b4040,0x00000000c2b00000)
 Metaspace       used 16104K, capacity 16286K, committed 16512K, reserved 1062912K
  class space    used 2072K, capacity 2164K, committed 2176K, reserved 1048576K
Event: 2.453 GC heap after
Heap after GC invocations=2 (full 0):
 PSYoungGen      total 18944K, used 2555K [0x00000000eab00000, 0x00000000ed000000, 0x0000000100000000)
  eden space 16384K, 0% used [0x00000000eab00000,0x00000000eab00000,0x00000000ebb00000)
  from space 2560K, 99% used [0x00000000ebd80000,0x00000000ebffee20,0x00000000ec000000)
  to   space 2560K, 0% used [0x00000000ebb00000,0x00000000ebb00000,0x00000000ebd80000)
 ParOldGen       total 44032K, used 2633K [0x00000000c0000000, 0x00000000c2b00000, 0x00000000eab00000)
  object space 44032K, 5% used [0x00000000c0000000,0x00000000c02926f8,0x00000000c2b00000)
 Metaspace       used 16104K, capacity 16286K, committed 16512K, reserved 1062912K
  class space    used 2072K, capacity 2164K, committed 2176K, reserved 1048576K
}

Deoptimization events (10 events):
Event: 2.142 Thread 0x000000001736c800 Uncommon trap: reason=class_check action=maybe_recompile pc=0x00000000034b0564 method=java.io.DataInputStream.readChar()C @ 4
Event: 2.142 Thread 0x000000001736c800 Uncommon trap: reason=class_check action=maybe_recompile pc=0x00000000034b0564 method=java.io.DataInputStream.readChar()C @ 4
Event: 2.202 Thread 0x000000001736c800 Uncommon trap: reason=unstable_if action=reinterpret pc=0x00000000034e2590 method=sun.text.UCompactIntArray.elementAt(I)I @ 14
Event: 2.211 Thread 0x000000001736c800 Uncommon trap: reason=unstable_if action=reinterpret pc=0x0000000003498710 method=sun.nio.cs.UTF_8$Encoder.encode([CII[B)I @ 33
Event: 2.230 Thread 0x000000001736c800 Uncommon trap: reason=unstable_if action=reinterpret pc=0x000000000343f73c method=java.lang.String.indexOf([CII[CIII)I @ 3
Event: 2.425 Thread 0x000000001736c800 Uncommon trap: reason=class_check action=maybe_recompile pc=0x0000000003527914 method=java.util.HashMap.putVal(ILjava/lang/Object;Ljava/lang/Object;ZZ)Ljava/lang/Object; @ 253
Event: 2.425 Thread 0x000000001736c800 Uncommon trap: reason=class_check action=maybe_recompile pc=0x0000000003527914 method=java.util.HashMap.putVal(ILjava/lang/Object;Ljava/lang/Object;ZZ)Ljava/lang/Object; @ 253
Event: 2.425 Thread 0x000000001736c800 Uncommon trap: reason=class_check action=maybe_recompile pc=0x0000000003527914 method=java.util.HashMap.putVal(ILjava/lang/Object;Ljava/lang/Object;ZZ)Ljava/lang/Object; @ 253
Event: 2.465 Thread 0x000000001736c800 Uncommon trap: reason=class_check action=maybe_recompile pc=0x0000000003527914 method=java.util.HashMap.putVal(ILjava/lang/Object;Ljava/lang/Object;ZZ)Ljava/lang/Object; @ 253
Event: 2.465 Thread 0x000000001736c800 Uncommon trap: reason=class_check action=maybe_recompile pc=0x0000000003524404 method=java.util.HashMap.putVal(ILjava/lang/Object;Ljava/lang/Object;ZZ)Ljava/lang/Object; @ 253

Internal exceptions (10 events):
Event: 2.021 Thread 0x000000001736c800 Exception <a 'java/lang/ArrayIndexOutOfBoundsException'> (0x00000000eb5c7298) thrown at [C:\re\workspace\8-2-build-windows-amd64-cygwin\jdk8u111\7883\hotspot\src\share\vm\runtime\sharedRuntime.cpp, line 605]
Event: 2.023 Thread 0x000000001736c800 Exception <a 'java/lang/ArrayIndexOutOfBoundsException'> (0x00000000eb5cd508) thrown at [C:\re\workspace\8-2-build-windows-amd64-cygwin\jdk8u111\7883\hotspot\src\share\vm\runtime\sharedRuntime.cpp, line 605]
Event: 2.024 Thread 0x000000001736c800 Exception <a 'java/lang/ArrayIndexOutOfBoundsException'> (0x00000000eb5d3a70) thrown at [C:\re\workspace\8-2-build-windows-amd64-cygwin\jdk8u111\7883\hotspot\src\share\vm\runtime\sharedRuntime.cpp, line 605]
Event: 2.025 Thread 0x000000001736c800 Exception <a 'java/lang/ArrayIndexOutOfBoundsException'> (0x00000000eb5d9f78) thrown at [C:\re\workspace\8-2-build-windows-amd64-cygwin\jdk8u111\7883\hotspot\src\share\vm\runtime\sharedRuntime.cpp, line 605]
Event: 2.027 Thread 0x000000001736c800 Exception <a 'java/lang/ArrayIndexOutOfBoundsException'> (0x00000000eb5e88d0) thrown at [C:\re\workspace\8-2-build-windows-amd64-cygwin\jdk8u111\7883\hotspot\src\share\vm\runtime\sharedRuntime.cpp, line 605]
Event: 2.099 Thread 0x000000001736c800 Exception <a 'java/lang/ArrayIndexOutOfBoundsException'> (0x00000000eb84d3e8) thrown at [C:\re\workspace\8-2-build-windows-amd64-cygwin\jdk8u111\7883\hotspot\src\share\vm\runtime\sharedRuntime.cpp, line 605]
Event: 2.099 Thread 0x000000001736c800 Exception <a 'java/lang/ArrayIndexOutOfBoundsException'> (0x00000000eb84e7c0) thrown at [C:\re\workspace\8-2-build-windows-amd64-cygwin\jdk8u111\7883\hotspot\src\share\vm\runtime\sharedRuntime.cpp, line 605]
Event: 2.101 Thread 0x000000001736c800 Exception <a 'java/lang/ArrayIndexOutOfBoundsException'> (0x00000000eb855198) thrown at [C:\re\workspace\8-2-build-windows-amd64-cygwin\jdk8u111\7883\hotspot\src\share\vm\runtime\sharedRuntime.cpp, line 605]
Event: 2.101 Thread 0x000000001736c800 Exception <a 'java/lang/ArrayIndexOutOfBoundsException'> (0x00000000eb856628) thrown at [C:\re\workspace\8-2-build-windows-amd64-cygwin\jdk8u111\7883\hotspot\src\share\vm\runtime\sharedRuntime.cpp, line 605]
Event: 2.102 Thread 0x000000001736c800 Exception <a 'java/lang/ArrayIndexOutOfBoundsException'> (0x00000000eb857e78) thrown at [C:\re\workspace\8-2-build-windows-amd64-cygwin\jdk8u111\7883\hotspot\src\share\vm\runtime\sharedRuntime.cpp, line 605]

Events (10 events):
Event: 2.631 loading class com/mysql/jdbc/Collation
Event: 2.631 loading class com/mysql/jdbc/Collation done
Event: 2.638 loading class java/util/TimeZone
Event: 2.639 loading class java/util/TimeZone done
Event: 2.639 loading class sun/util/calendar/ZoneInfo
Event: 2.639 loading class sun/util/calendar/ZoneInfo done
Event: 2.640 loading class sun/util/calendar/ZoneInfoFile
Event: 2.640 loading class sun/util/calendar/ZoneInfoFile done
Event: 2.640 loading class sun/util/calendar/ZoneInfoFile$1
Event: 2.640 loading class sun/util/calendar/ZoneInfoFile$1 done


Dynamic libraries:
0x00007ff6bdc40000 - 0x00007ff6bdc77000 	C:\Program Files\Java\jdk1.8.0_111\bin\java.exe
0x00007ff931cc0000 - 0x00007ff931e91000 	C:\Windows\SYSTEM32\ntdll.dll
0x00007ff92f250000 - 0x00007ff92f2fc000 	C:\Windows\System32\KERNEL32.DLL
0x00007ff92ef80000 - 0x00007ff92f19d000 	C:\Windows\System32\KERNELBASE.dll
0x00007ff9317a0000 - 0x00007ff931842000 	C:\Windows\System32\ADVAPI32.dll
0x00007ff931be0000 - 0x00007ff931c7e000 	C:\Windows\System32\msvcrt.dll
0x00007ff931850000 - 0x00007ff9318a9000 	C:\Windows\System32\sechost.dll
0x00007ff92f370000 - 0x00007ff92f491000 	C:\Windows\System32\RPCRT4.dll
0x00007ff92f4b0000 - 0x00007ff92f615000 	C:\Windows\System32\USER32.dll
0x00007ff92ecf0000 - 0x00007ff92ed0e000 	C:\Windows\System32\win32u.dll
0x00007ff9318c0000 - 0x00007ff9318f4000 	C:\Windows\System32\GDI32.dll
0x00007ff92e2b0000 - 0x00007ff92e432000 	C:\Windows\System32\gdi32full.dll
0x00007ff928490000 - 0x00007ff92870a000 	C:\Windows\WinSxS\amd64_microsoft.windows.common-controls_6595b64144ccf1df_6.0.14393.953_none_42151e83c686086b\COMCTL32.dll
0x00007ff931360000 - 0x00007ff931628000 	C:\Windows\System32\combase.dll
0x00007ff92e1b0000 - 0x00007ff92e2a5000 	C:\Windows\System32\ucrtbase.dll
0x00007ff92ec20000 - 0x00007ff92ec8a000 	C:\Windows\System32\bcryptPrimitives.dll
0x00007ff931c80000 - 0x00007ff931cae000 	C:\Windows\System32\IMM32.DLL
0x0000000052e90000 - 0x0000000052f62000 	C:\Program Files\Java\jdk1.8.0_111\jre\bin\msvcr100.dll
0x00000000525f0000 - 0x0000000052e8a000 	C:\Program Files\Java\jdk1.8.0_111\jre\bin\server\jvm.dll
0x00007ff92f4a0000 - 0x00007ff92f4a8000 	C:\Windows\System32\PSAPI.DLL
0x00007ff929c50000 - 0x00007ff929c5a000 	C:\Windows\SYSTEM32\VERSION.dll
0x00007ff919980000 - 0x00007ff919989000 	C:\Windows\SYSTEM32\WSOCK32.dll
0x00007ff92c5d0000 - 0x00007ff92c5f3000 	C:\Windows\SYSTEM32\WINMM.dll
0x00007ff931630000 - 0x00007ff93169a000 	C:\Windows\System32\WS2_32.dll
0x0000000002f30000 - 0x0000000002f5b000 	C:\Windows\SYSTEM32\WINMMBASE.dll
0x00007ff92e4f0000 - 0x00007ff92e532000 	C:\Windows\System32\cfgmgr32.dll
0x00000000525e0000 - 0x00000000525ef000 	C:\Program Files\Java\jdk1.8.0_111\jre\bin\verify.dll
0x00000000525b0000 - 0x00000000525d9000 	C:\Program Files\Java\jdk1.8.0_111\jre\bin\java.dll
0x0000000052590000 - 0x00000000525a6000 	C:\Program Files\Java\jdk1.8.0_111\jre\bin\zip.dll
0x00007ff92fdb0000 - 0x00007ff9312b8000 	C:\Windows\System32\SHELL32.dll
0x00007ff92e540000 - 0x00007ff92ec1a000 	C:\Windows\System32\windows.storage.dll
0x00007ff92e140000 - 0x00007ff92e18c000 	C:\Windows\System32\powrprof.dll
0x00007ff92fd50000 - 0x00007ff92fda2000 	C:\Windows\System32\shlwapi.dll
0x00007ff92e1a0000 - 0x00007ff92e1af000 	C:\Windows\System32\kernel.appcore.dll
0x00007ff92e440000 - 0x00007ff92e4e9000 	C:\Windows\System32\shcore.dll
0x00007ff92e120000 - 0x00007ff92e134000 	C:\Windows\System32\profapi.dll
0x0000000053b60000 - 0x0000000053cf8000 	C:\Program Files\Java\jdk1.8.0_111\jre\bin\awt.dll
0x00007ff931980000 - 0x00007ff931a3f000 	C:\Windows\System32\OLEAUT32.dll
0x00007ff92ed10000 - 0x00007ff92edac000 	C:\Windows\System32\msvcp_win.dll
0x00007ff92c600000 - 0x00007ff92c67a000 	C:\Windows\SYSTEM32\apphelp.dll
0x00007ff92c8a0000 - 0x00007ff92c935000 	C:\Windows\system32\uxtheme.dll
0x00007ff92f680000 - 0x00007ff92f7da000 	C:\Windows\System32\MSCTF.dll
0x00007ff92bf70000 - 0x00007ff92bf96000 	C:\Windows\system32\dwmapi.dll
0x00007ff92f7e0000 - 0x00007ff92f918000 	C:\Windows\System32\ole32.dll
0x00007ff91c1f0000 - 0x00007ff91c37d000 	C:\Windows\system32\d3d9.dll
0x00007ff8ffe00000 - 0x00007ff900eb6000 	C:\Windows\SYSTEM32\nvd3dumx.dll
0x00007ff929890000 - 0x00007ff9299fc000 	C:\Program Files (x86)\NVIDIA Corporation\3D Vision\nvSCPAPI64.dll
0x00007ff92f920000 - 0x00007ff92fd49000 	C:\Windows\System32\SETUPAPI.dll
0x00007ff929470000 - 0x00007ff9297a6000 	C:\Windows\system32\nvapi64.dll
0x00007ff92cd50000 - 0x00007ff92cd78000 	C:\Windows\SYSTEM32\DEVOBJ.dll
0x00007ff92ec90000 - 0x00007ff92ece5000 	C:\Windows\System32\WINTRUST.dll
0x00007ff92e190000 - 0x00007ff92e1a0000 	C:\Windows\System32\MSASN1.dll
0x00007ff92edb0000 - 0x00007ff92ef79000 	C:\Windows\System32\CRYPT32.dll
0x00007ff92d0a0000 - 0x00007ff92d13f000 	C:\Windows\system32\dxgi.dll
0x0000000053b10000 - 0x0000000053b57000 	C:\Program Files\Java\jdk1.8.0_111\jre\bin\fontmanager.dll
0x0000000052570000 - 0x000000005258a000 	C:\Program Files\Java\jdk1.8.0_111\jre\bin\net.dll
0x00007ff92d9f0000 - 0x00007ff92da4c000 	C:\Windows\system32\mswsock.dll
0x0000000052550000 - 0x0000000052561000 	C:\Program Files\Java\jdk1.8.0_111\jre\bin\nio.dll
0x0000000053ac0000 - 0x0000000053b02000 	C:\Program Files\Java\jdk1.8.0_111\jre\bin\t2k.dll
0x00007ff9312c0000 - 0x00007ff93135f000 	C:\Windows\System32\clbcatq.dll
0x00007ff927120000 - 0x00007ff9271f2000 	C:\Windows\System32\IME\IMEKR\imkrtip.dll
0x00007ff92bd20000 - 0x00007ff92bea5000 	C:\Windows\SYSTEM32\PROPSYS.dll
0x00007ff926fc0000 - 0x00007ff927116000 	C:\Windows\System32\IME\shared\imetip.dll
0x00007ff91da30000 - 0x00007ff91dbd8000 	C:\Windows\SYSTEM32\DUI70.dll
0x00007ff927a00000 - 0x00007ff927a65000 	C:\Windows\SYSTEM32\OLEACC.dll
0x00007ff9275e0000 - 0x00007ff927618000 	C:\Windows\System32\IME\IMEKR\imkrapi.dll
0x00007ff9275a0000 - 0x00007ff9275d5000 	C:\Windows\System32\IME\shared\imjkapi.dll
0x00007ff92d4c0000 - 0x00007ff92d4f2000 	C:\Windows\SYSTEM32\ntmarta.dll
0x00007ff928220000 - 0x00007ff9283b2000 	C:\Windows\SYSTEM32\dbghelp.dll

VM Arguments:
jvm_args: -Dfile.encoding=x-windows-949 -Duser.country=KR -Duser.language=ko -Duser.variant 
java_command: kr.or.dgit.erp_main.ERP_Application
java_class_path (initial): D:\workspace_mybatis\erp_ksh\build\classes\main;D:\workspace_mybatis\erp_ksh\build\resources\main;C:\Users\KSH\.gradle\caches\modules-2\files-2.1\mysql\mysql-connector-java\5.1.42\80a448a3ec2178b649bb2e3cb3610fab06e11669\mysql-connector-java-5.1.42.jar;C:\Users\KSH\.gradle\caches\modules-2\files-2.1\org.mybatis\mybatis\3.4.2\2b9a5082fe0bdb3128bab8b4b19b23ca0f3d9b38\mybatis-3.4.2.jar;C:\Users\KSH\.gradle\caches\modules-2\files-2.1\junit\junit\4.12\2973d150c0dc1fefe998f834810d68f278ea58ec\junit-4.12.jar;C:\Users\KSH\.gradle\caches\modules-2\files-2.1\log4j\log4j\1.2.17\5af35056b4d257e4b64b9e8069c0746e8b08629f\log4j-1.2.17.jar;C:\Users\KSH\.gradle\caches\modules-2\files-2.1\org.hamcrest\hamcrest-core\1.3\42a25dc3219429f0e5d060061f71acb49bf010a0\hamcrest-core-1.3.jar
Launcher Type: SUN_STANDARD

Environment Variables:
JAVA_HOME=C:\Program Files\Java\jdk1.8.0_111
PATH=C:/Program Files/Java/jre1.8.0_111/bin/server;C:/Program Files/Java/jre1.8.0_111/bin;C:/Program Files/Java/jre1.8.0_111/lib/amd64;C:\Program Files\Java\jdk1.8.0_111\bin;C:\ProgramData\Oracle\Java\javapath;C:\Program Files (x86)\NVIDIA Corporation\PhysX\Common;C:\Windows\system32;C:\Windows;C:\Windows\System32\Wbem;C:\Windows\System32\WindowsPowerShell\v1.0\;C:\Program Files\MySQL\MySQL Server 5.6\bin;C:\Program Files\Git\cmd;D:\gradle-3.4.1-bin\gradle-3.4.1\bin;C:\Users\KSH\AppData\Local\Microsoft\WindowsApps;;C:\eclipse_java;
USERNAME=KSH
OS=Windows_NT
PROCESSOR_IDENTIFIER=Intel64 Family 6 Model 23 Stepping 10, GenuineIntel



---------------  S Y S T E M  ---------------

OS: Windows 10.0 , 64 bit Build 14393 (10.0.14393.1198)

CPU:total 4 (4 cores per cpu, 1 threads per core) family 6 model 23 stepping 10, cmov, cx8, fxsr, mmx, sse, sse2, sse3, ssse3, sse4.1, tsc

Memory: 4k page, physical 4192492k(887596k free), swap 10483948k(1741324k free)

vm_info: Java HotSpot(TM) 64-Bit Server VM (25.111-b14) for windows-amd64 JRE (1.8.0_111-b14), built on Sep 22 2016 19:24:05 by "java_re" with MS VC++ 10.0 (VS2010)

time: Thu May 11 13:57:03 2017
elapsed time: 2 seconds (0d 0h 0m 2s)

