#
# A fatal error has been detected by the Java Runtime Environment:
#
#  EXCEPTION_ACCESS_VIOLATION (0xc0000005) at pc=0xffffffffa39e5120, pid=8204, tid=0x0000000000000dd8
#
# JRE version: Java(TM) SE Runtime Environment (8.0_111-b14) (build 1.8.0_111-b14)
# Java VM: Java HotSpot(TM) 64-Bit Server VM (25.111-b14 mixed mode windows-amd64 compressed oops)
# Problematic frame:
# C  0xffffffffa39e5120
#
# Failed to write core dump. Minidumps are not enabled by default on client versions of Windows
#
# If you would like to submit a bug report, please visit:
#   http://bugreport.java.com/bugreport/crash.jsp
#

---------------  T H R E A D  ---------------

Current thread (0x0000000016b8a000):  JavaThread "AWT-EventQueue-0" [_thread_in_Java, id=3544, stack(0x0000000017c60000,0x0000000017d60000)]

siginfo: ExceptionCode=0xc0000005, ExceptionInformation=0x0000000000000008 0xffffffffa39e5120

Registers:
RAX=0x0000000100251bb0, RBX=0x000000001c55cb60, RCX=0x0000000000000000, RDX=0x00000000eb75e7b0
RSP=0x0000000017d5baa8, RBP=0x0000000017d5bcb8, RSI=0x0000000100251bb0, RDI=0x00000000149f7230
R8 =0x00000000eb75e7b0, R9 =0x00000000eb63c748, R10=0x000000010001bd10, R11=0x00000000eb745c20
R12=0x0000000000000000, R13=0x0000000017d5bc68, R14=0x0000000000000000, R15=0x0000000016b8a000
RIP=0xffffffffa39e5120, EFLAGS=0x0000000000010202

Top of Stack: (sp=0x0000000017d5baa8)
0x0000000017d5baa8:   0000000002dcda54 00000000eb75e160
0x0000000017d5bab8:   00000000eb6495a8 00000000eb6d8850
0x0000000017d5bac8:   0000000002d284bc 00000000eb6d88f8
0x0000000017d5bad8:   00000000eb63c748 0000000017d5bcb8
0x0000000017d5bae8:   0000000002dcdb04 00000000eb6d88f8
0x0000000017d5baf8:   00000000eb75e7b0 00000000eb7447b8
0x0000000017d5bb08:   0000000002de0994 0000000017d5bcb8
0x0000000017d5bb18:   0000000002dd35fc 0000000000000020
0x0000000017d5bb28:   00000000526e544b 0000000000000001
0x0000000017d5bb38:   000000005282d0c6 0000000017d5bbf8
0x0000000017d5bb48:   0000000002dd0dcc 00000000eb75e798
0x0000000017d5bb58:   0000000002de0a40 0000000017d5bc98
0x0000000017d5bb68:   0000000017d5bbd0 00000000eb6d8838
0x0000000017d5bb78:   00000000eb63c748 00000000eb6d8838
0x0000000017d5bb88:   00000000eb75e7b0 0000000017d5bbf8
0x0000000017d5bb98:   00000000029e809d 00000000029e809d 

Instructions: (pc=0xffffffffa39e5120)
0xffffffffa39e5100:   
[error occurred during error reporting (printing registers, top of stack, instructions near pc), id 0xc0000005]

Register to memory mapping:

RAX=0x0000000100251bb0 is pointing into metadata
RBX={method} {0x000000001c55cb68} 'hashCode' '()I' in 'sun/misc/ProxyGenerator$ConstantPool$IndirectEntry'
RCX=0x0000000000000000 is an unknown value
RDX=0x00000000eb75e7b0 is an oop
sun.misc.ProxyGenerator$ConstantPool$IndirectEntry 
 - klass: 'sun/misc/ProxyGenerator$ConstantPool$IndirectEntry'
RSP=0x0000000017d5baa8 is pointing into the stack for thread: 0x0000000016b8a000
RBP=0x0000000017d5bcb8 is pointing into the stack for thread: 0x0000000016b8a000
RSI=0x0000000100251bb0 is pointing into metadata
RDI=0x00000000149f7230 is pointing into metadata
R8 =0x00000000eb75e7b0 is an oop
sun.misc.ProxyGenerator$ConstantPool$IndirectEntry 
 - klass: 'sun/misc/ProxyGenerator$ConstantPool$IndirectEntry'
R9 =0x00000000eb63c748 is an oop
java.lang.String 
 - klass: 'java/lang/String'
R10=0x000000010001bd10 is pointing into metadata
R11=0x00000000eb745c20 is an oop
java.util.HashMap$Node 
 - klass: 'java/util/HashMap$Node'
R12=0x0000000000000000 is an unknown value
R13=0x0000000017d5bc68 is pointing into the stack for thread: 0x0000000016b8a000
R14=0x0000000000000000 is an unknown value
R15=0x0000000016b8a000 is a thread


Stack: [0x0000000017c60000,0x0000000017d60000],  sp=0x0000000017d5baa8,  free space=1006k
Native frames: (J=compiled Java code, j=interpreted, Vv=VM code, C=native code)
C  0xffffffffa39e5120


---------------  P R O C E S S  ---------------

Java Threads: ( => current thread )
  0x000000001756a000 JavaThread "Abandoned connection cleanup thread" daemon [_thread_blocked, id=6432, stack(0x000000001b200000,0x000000001b300000)]
  0x0000000017148000 JavaThread "D3D Screen Updater" daemon [_thread_blocked, id=32, stack(0x000000001a970000,0x000000001aa70000)]
  0x00000000028d0800 JavaThread "DestroyJavaVM" [_thread_blocked, id=5744, stack(0x00000000027c0000,0x00000000028c0000)]
=>0x0000000016b8a000 JavaThread "AWT-EventQueue-0" [_thread_in_Java, id=3544, stack(0x0000000017c60000,0x0000000017d60000)]
  0x0000000016b88000 JavaThread "AWT-Windows" daemon [_thread_in_native, id=3656, stack(0x0000000017a80000,0x0000000017b80000)]
  0x0000000016b85800 JavaThread "AWT-Shutdown" [_thread_blocked, id=7408, stack(0x0000000017980000,0x0000000017a80000)]
  0x0000000016b82800 JavaThread "Java2D Disposer" daemon [_thread_blocked, id=3628, stack(0x0000000017880000,0x0000000017980000)]
  0x0000000016831800 JavaThread "Service Thread" daemon [_thread_blocked, id=6396, stack(0x0000000016db0000,0x0000000016eb0000)]
  0x00000000167d6000 JavaThread "C1 CompilerThread2" daemon [_thread_blocked, id=8272, stack(0x0000000016cb0000,0x0000000016db0000)]
  0x000000001512e800 JavaThread "C2 CompilerThread1" daemon [_thread_blocked, id=204, stack(0x0000000016bb0000,0x0000000016cb0000)]
  0x000000001512b800 JavaThread "C2 CompilerThread0" daemon [_thread_blocked, id=5608, stack(0x00000000166b0000,0x00000000167b0000)]
  0x000000001512a800 JavaThread "Attach Listener" daemon [_thread_blocked, id=8524, stack(0x00000000165b0000,0x00000000166b0000)]
  0x00000000150de800 JavaThread "Signal Dispatcher" daemon [_thread_blocked, id=2700, stack(0x00000000164b0000,0x00000000165b0000)]
  0x00000000150b9800 JavaThread "Finalizer" daemon [_thread_blocked, id=5552, stack(0x0000000016320000,0x0000000016420000)]
  0x00000000029c2000 JavaThread "Reference Handler" daemon [_thread_blocked, id=7628, stack(0x0000000016220000,0x0000000016320000)]

Other Threads:
  0x0000000015098000 VMThread [stack: 0x0000000016120000,0x0000000016220000] [id=1356]
  0x000000001685e800 WatcherThread [stack: 0x0000000016eb0000,0x0000000016fb0000] [id=4888]

VM state:not at safepoint (normal execution)

VM Mutex/Monitor currently owned by a thread: None

Heap:
 PSYoungGen      total 18944K, used 15449K [0x00000000eab00000, 0x00000000ed000000, 0x0000000100000000)
  eden space 16384K, 78% used [0x00000000eab00000,0x00000000eb79b8a8,0x00000000ebb00000)
  from space 2560K, 99% used [0x00000000ebd80000,0x00000000ebffae10,0x00000000ec000000)
  to   space 2560K, 0% used [0x00000000ebb00000,0x00000000ebb00000,0x00000000ebd80000)
 ParOldGen       total 44032K, used 2585K [0x00000000c0000000, 0x00000000c2b00000, 0x00000000eab00000)
  object space 44032K, 5% used [0x00000000c0000000,0x00000000c02865c0,0x00000000c2b00000)
 Metaspace       used 19298K, capacity 19464K, committed 19712K, reserved 1067008K
  class space    used 2387K, capacity 2453K, committed 2560K, reserved 1048576K

Card table byte_map: [0x0000000011da0000,0x0000000011fb0000] byte_map_base: 0x00000000117a0000

Marking Bits: (ParMarkBitMap*) 0x0000000052e0a6c0
 Begin Bits: [0x0000000012510000, 0x0000000013510000)
 End Bits:   [0x0000000013510000, 0x0000000014510000)

Polling page: 0x0000000000850000

CodeCache: size=245760Kb used=4144Kb max_used=4155Kb free=241615Kb
 bounds [0x00000000029e0000, 0x0000000002e00000, 0x00000000119e0000]
 total_blobs=1812 nmethods=1243 adapters=483
 compilation: enabled

Compilation events (10 events):
Event: 4.022 Thread 0x00000000167d6000 1240       3       sun.misc.ProxyGenerator$ConstantPool::addEntry (46 bytes)
Event: 4.022 Thread 0x00000000167d6000 nmethod 1240 0x0000000002de7750 code [0x0000000002de7900, 0x0000000002de7d98]
Event: 4.022 Thread 0x00000000167d6000 1237       3       sun.misc.ProxyGenerator::access$900 (5 bytes)
Event: 4.022 Thread 0x00000000167d6000 nmethod 1237 0x0000000002de7290 code [0x0000000002de7400, 0x0000000002de7668]
Event: 4.022 Thread 0x00000000167d6000 1238       3       sun.misc.ProxyGenerator$ConstantPool::getNameAndType (30 bytes)
Event: 4.023 Thread 0x000000001512e800 nmethod 1231 0x0000000002de5ad0 code [0x0000000002de5c20, 0x0000000002de5d48]
Event: 4.023 Thread 0x000000001512e800 1241       4       sun.misc.ProxyGenerator$ConstantPool$IndirectEntry::hashCode (15 bytes)
Event: 4.023 Thread 0x000000001512e800 nmethod 1241 0x0000000002de7090 code [0x0000000002de71c0, 0x0000000002de7238]
Event: 4.023 Thread 0x00000000167d6000 nmethod 1238 0x0000000002dec350 code [0x0000000002dec540, 0x0000000002decc08]
Event: 4.023 Thread 0x00000000167d6000 1236       3       sun.misc.ProxyGenerator::addProxyMethod (234 bytes)

GC Heap History (4 events):
Event: 3.258 GC heap before
{Heap before GC invocations=1 (full 0):
 PSYoungGen      total 18944K, used 16345K [0x00000000eab00000, 0x00000000ec000000, 0x0000000100000000)
  eden space 16384K, 99% used [0x00000000eab00000,0x00000000ebaf66e8,0x00000000ebb00000)
  from space 2560K, 0% used [0x00000000ebd80000,0x00000000ebd80000,0x00000000ec000000)
  to   space 2560K, 0% used [0x00000000ebb00000,0x00000000ebb00000,0x00000000ebd80000)
 ParOldGen       total 44032K, used 0K [0x00000000c0000000, 0x00000000c2b00000, 0x00000000eab00000)
  object space 44032K, 0% used [0x00000000c0000000,0x00000000c0000000,0x00000000c2b00000)
 Metaspace       used 14879K, capacity 15106K, committed 15360K, reserved 1062912K
  class space    used 1934K, capacity 2004K, committed 2048K, reserved 1048576K
Event: 3.270 GC heap after
Heap after GC invocations=1 (full 0):
 PSYoungGen      total 18944K, used 2530K [0x00000000eab00000, 0x00000000ec000000, 0x0000000100000000)
  eden space 16384K, 0% used [0x00000000eab00000,0x00000000eab00000,0x00000000ebb00000)
  from space 2560K, 98% used [0x00000000ebb00000,0x00000000ebd78830,0x00000000ebd80000)
  to   space 2560K, 0% used [0x00000000ebd80000,0x00000000ebd80000,0x00000000ec000000)
 ParOldGen       total 44032K, used 1716K [0x00000000c0000000, 0x00000000c2b00000, 0x00000000eab00000)
  object space 44032K, 3% used [0x00000000c0000000,0x00000000c01ad250,0x00000000c2b00000)
 Metaspace       used 14879K, capacity 15106K, committed 15360K, reserved 1062912K
  class space    used 1934K, capacity 2004K, committed 2048K, reserved 1048576K
}
Event: 3.528 GC heap before
{Heap before GC invocations=2 (full 0):
 PSYoungGen      total 18944K, used 18914K [0x00000000eab00000, 0x00000000ec000000, 0x0000000100000000)
  eden space 16384K, 100% used [0x00000000eab00000,0x00000000ebb00000,0x00000000ebb00000)
  from space 2560K, 98% used [0x00000000ebb00000,0x00000000ebd78830,0x00000000ebd80000)
  to   space 2560K, 0% used [0x00000000ebd80000,0x00000000ebd80000,0x00000000ec000000)
 ParOldGen       total 44032K, used 1716K [0x00000000c0000000, 0x00000000c2b00000, 0x00000000eab00000)
  object space 44032K, 3% used [0x00000000c0000000,0x00000000c01ad250,0x00000000c2b00000)
 Metaspace       used 16138K, capacity 16354K, committed 16512K, reserved 1062912K
  class space    used 2072K, capacity 2164K, committed 2176K, reserved 1048576K
Event: 3.536 GC heap after
Heap after GC invocations=2 (full 0):
 PSYoungGen      total 18944K, used 2539K [0x00000000eab00000, 0x00000000ed000000, 0x0000000100000000)
  eden space 16384K, 0% used [0x00000000eab00000,0x00000000eab00000,0x00000000ebb00000)
  from space 2560K, 99% used [0x00000000ebd80000,0x00000000ebffae10,0x00000000ec000000)
  to   space 2560K, 0% used [0x00000000ebb00000,0x00000000ebb00000,0x00000000ebd80000)
 ParOldGen       total 44032K, used 2585K [0x00000000c0000000, 0x00000000c2b00000, 0x00000000eab00000)
  object space 44032K, 5% used [0x00000000c0000000,0x00000000c02865c0,0x00000000c2b00000)
 Metaspace       used 16138K, capacity 16354K, committed 16512K, reserved 1062912K
  class space    used 2072K, capacity 2164K, committed 2176K, reserved 1048576K
}

Deoptimization events (10 events):
Event: 3.550 Thread 0x0000000016b8a000 Uncommon trap: reason=class_check action=maybe_recompile pc=0x0000000002ced294 method=java.util.HashMap.putVal(ILjava/lang/Object;Ljava/lang/Object;ZZ)Ljava/lang/Object; @ 253
Event: 3.551 Thread 0x0000000016b8a000 Uncommon trap: reason=class_check action=maybe_recompile pc=0x0000000002ce85c4 method=java.util.HashMap.putVal(ILjava/lang/Object;Ljava/lang/Object;ZZ)Ljava/lang/Object; @ 253
Event: 3.802 Thread 0x0000000016b8a000 Uncommon trap: reason=predicate action=maybe_recompile pc=0x0000000002cd4694 method=sun.net.www.ParseUtil.encodePath(Ljava/lang/String;Z)Ljava/lang/String; @ 36
Event: 3.982 Thread 0x0000000016b8a000 Uncommon trap: reason=unstable_if action=reinterpret pc=0x0000000002c5950c method=java.util.HashMap.getNode(ILjava/lang/Object;)Ljava/util/HashMap$Node; @ 62
Event: 3.982 Thread 0x0000000016b8a000 Uncommon trap: reason=bimorphic action=maybe_recompile pc=0x0000000002d74c5c method=java.util.HashMap.putVal(ILjava/lang/Object;Ljava/lang/Object;ZZ)Ljava/lang/Object; @ 91
Event: 3.982 Thread 0x0000000016b8a000 Uncommon trap: reason=unstable_if action=reinterpret pc=0x0000000002c1c388 method=java.util.HashMap.getNode(ILjava/lang/Object;)Ljava/util/HashMap$Node; @ 62
Event: 3.982 Thread 0x0000000016b8a000 Uncommon trap: reason=bimorphic action=maybe_recompile pc=0x0000000002d74c5c method=java.util.HashMap.putVal(ILjava/lang/Object;Ljava/lang/Object;ZZ)Ljava/lang/Object; @ 91
Event: 3.982 Thread 0x0000000016b8a000 Uncommon trap: reason=bimorphic action=maybe_recompile pc=0x0000000002d74c5c method=java.util.HashMap.putVal(ILjava/lang/Object;Ljava/lang/Object;ZZ)Ljava/lang/Object; @ 91
Event: 3.983 Thread 0x0000000016b8a000 Uncommon trap: reason=bimorphic action=maybe_recompile pc=0x0000000002d74c5c method=java.util.HashMap.putVal(ILjava/lang/Object;Ljava/lang/Object;ZZ)Ljava/lang/Object; @ 91
Event: 3.983 Thread 0x0000000016b8a000 Uncommon trap: reason=bimorphic action=maybe_recompile pc=0x0000000002d93418 method=java.util.HashMap.putVal(ILjava/lang/Object;Ljava/lang/Object;ZZ)Ljava/lang/Object; @ 91

Internal exceptions (10 events):
Event: 3.193 Thread 0x0000000016b8a000 Exception <a 'java/lang/ArrayIndexOutOfBoundsException'> (0x00000000eb851900) thrown at [C:\re\workspace\8-2-build-windows-amd64-cygwin\jdk8u111\7883\hotspot\src\share\vm\runtime\sharedRuntime.cpp, line 605]
Event: 3.193 Thread 0x0000000016b8a000 Exception <a 'java/lang/ArrayIndexOutOfBoundsException'> (0x00000000eb852cd8) thrown at [C:\re\workspace\8-2-build-windows-amd64-cygwin\jdk8u111\7883\hotspot\src\share\vm\runtime\sharedRuntime.cpp, line 605]
Event: 3.194 Thread 0x0000000016b8a000 Exception <a 'java/lang/ArrayIndexOutOfBoundsException'> (0x00000000eb8596b0) thrown at [C:\re\workspace\8-2-build-windows-amd64-cygwin\jdk8u111\7883\hotspot\src\share\vm\runtime\sharedRuntime.cpp, line 605]
Event: 3.194 Thread 0x0000000016b8a000 Exception <a 'java/lang/ArrayIndexOutOfBoundsException'> (0x00000000eb85ab40) thrown at [C:\re\workspace\8-2-build-windows-amd64-cygwin\jdk8u111\7883\hotspot\src\share\vm\runtime\sharedRuntime.cpp, line 605]
Event: 3.194 Thread 0x0000000016b8a000 Exception <a 'java/lang/ArrayIndexOutOfBoundsException'> (0x00000000eb85c390) thrown at [C:\re\workspace\8-2-build-windows-amd64-cygwin\jdk8u111\7883\hotspot\src\share\vm\runtime\sharedRuntime.cpp, line 605]
Event: 3.194 Thread 0x0000000016b8a000 Exception <a 'java/lang/ArrayIndexOutOfBoundsException'> (0x00000000eb85d7b8) thrown at [C:\re\workspace\8-2-build-windows-amd64-cygwin\jdk8u111\7883\hotspot\src\share\vm\runtime\sharedRuntime.cpp, line 605]
Event: 3.194 Thread 0x0000000016b8a000 Exception <a 'java/lang/ArrayIndexOutOfBoundsException'> (0x00000000eb85e710) thrown at [C:\re\workspace\8-2-build-windows-amd64-cygwin\jdk8u111\7883\hotspot\src\share\vm\runtime\sharedRuntime.cpp, line 605]
Event: 3.194 Thread 0x0000000016b8a000 Exception <a 'java/lang/ArrayIndexOutOfBoundsException'> (0x00000000eb85faf0) thrown at [C:\re\workspace\8-2-build-windows-amd64-cygwin\jdk8u111\7883\hotspot\src\share\vm\runtime\sharedRuntime.cpp, line 605]
Event: 3.195 Thread 0x0000000016b8a000 Exception <a 'java/lang/ArrayIndexOutOfBoundsException'> (0x00000000eb860c38) thrown at [C:\re\workspace\8-2-build-windows-amd64-cygwin\jdk8u111\7883\hotspot\src\share\vm\runtime\sharedRuntime.cpp, line 605]
Event: 3.195 Thread 0x0000000016b8a000 Exception <a 'java/lang/ArrayIndexOutOfBoundsException'> (0x00000000eb861f28) thrown at [C:\re\workspace\8-2-build-windows-amd64-cygwin\jdk8u111\7883\hotspot\src\share\vm\runtime\sharedRuntime.cpp, line 605]

Events (10 events):
Event: 4.014 loading class java/lang/StringIndexOutOfBoundsException
Event: 4.014 loading class java/lang/StringIndexOutOfBoundsException done
Event: 4.014 loading class org/apache/ibatis/logging/jdbc/PreparedStatementLogger
Event: 4.014 loading class org/apache/ibatis/logging/jdbc/PreparedStatementLogger done
Event: 4.015 loading class java/lang/reflect/Proxy$Key2
Event: 4.015 loading class java/lang/reflect/Proxy$Key2 done
Event: 4.015 loading class java/sql/Ref
Event: 4.015 loading class java/sql/Ref done
Event: 4.016 loading class java/sql/RowId
Event: 4.016 loading class java/sql/RowId done


Dynamic libraries:
0x00007ff6bdc40000 - 0x00007ff6bdc77000 	C:\Program Files\Java\jdk1.8.0_111\bin\java.exe
0x00007ff931cc0000 - 0x00007ff931e91000 	C:\Windows\SYSTEM32\ntdll.dll
0x00007ff92f250000 - 0x00007ff92f2fc000 	C:\Windows\System32\KERNEL32.DLL
0x00007ff92ef80000 - 0x00007ff92f19d000 	C:\Windows\System32\KERNELBASE.dll
0x00007ff9317a0000 - 0x00007ff931842000 	C:\Windows\System32\ADVAPI32.dll
0x00007ff931be0000 - 0x00007ff931c7e000 	C:\Windows\System32\msvcrt.dll
0x00007ff931850000 - 0x00007ff9318a9000 	C:\Windows\System32\sechost.dll
0x00007ff92f370000 - 0x00007ff92f491000 	C:\Windows\System32\RPCRT4.dll
0x00007ff92f4b0000 - 0x00007ff92f615000 	C:\Windows\System32\USER32.dll
0x00007ff92ecf0000 - 0x00007ff92ed0e000 	C:\Windows\System32\win32u.dll
0x00007ff9318c0000 - 0x00007ff9318f4000 	C:\Windows\System32\GDI32.dll
0x00007ff92e2b0000 - 0x00007ff92e432000 	C:\Windows\System32\gdi32full.dll
0x00007ff928490000 - 0x00007ff92870a000 	C:\Windows\WinSxS\amd64_microsoft.windows.common-controls_6595b64144ccf1df_6.0.14393.953_none_42151e83c686086b\COMCTL32.dll
0x00007ff931360000 - 0x00007ff931628000 	C:\Windows\System32\combase.dll
0x00007ff92e1b0000 - 0x00007ff92e2a5000 	C:\Windows\System32\ucrtbase.dll
0x00007ff92ec20000 - 0x00007ff92ec8a000 	C:\Windows\System32\bcryptPrimitives.dll
0x00007ff931c80000 - 0x00007ff931cae000 	C:\Windows\System32\IMM32.DLL
0x0000000052e90000 - 0x0000000052f62000 	C:\Program Files\Java\jdk1.8.0_111\jre\bin\msvcr100.dll
0x00000000525f0000 - 0x0000000052e8a000 	C:\Program Files\Java\jdk1.8.0_111\jre\bin\server\jvm.dll
0x00007ff92f4a0000 - 0x00007ff92f4a8000 	C:\Windows\System32\PSAPI.DLL
0x00007ff929c50000 - 0x00007ff929c5a000 	C:\Windows\SYSTEM32\VERSION.dll
0x00007ff92c5d0000 - 0x00007ff92c5f3000 	C:\Windows\SYSTEM32\WINMM.dll
0x00007ff92c540000 - 0x00007ff92c56b000 	C:\Windows\SYSTEM32\WINMMBASE.dll
0x00007ff92e4f0000 - 0x00007ff92e532000 	C:\Windows\System32\cfgmgr32.dll
0x00007ff919980000 - 0x00007ff919989000 	C:\Windows\SYSTEM32\WSOCK32.dll
0x00007ff931630000 - 0x00007ff93169a000 	C:\Windows\System32\WS2_32.dll
0x00000000525e0000 - 0x00000000525ef000 	C:\Program Files\Java\jdk1.8.0_111\jre\bin\verify.dll
0x00000000525b0000 - 0x00000000525d9000 	C:\Program Files\Java\jdk1.8.0_111\jre\bin\java.dll
0x0000000052590000 - 0x00000000525a6000 	C:\Program Files\Java\jdk1.8.0_111\jre\bin\zip.dll
0x00007ff92fdb0000 - 0x00007ff9312b8000 	C:\Windows\System32\SHELL32.dll
0x00007ff92e540000 - 0x00007ff92ec1a000 	C:\Windows\System32\windows.storage.dll
0x00007ff92e140000 - 0x00007ff92e18c000 	C:\Windows\System32\powrprof.dll
0x00007ff92fd50000 - 0x00007ff92fda2000 	C:\Windows\System32\shlwapi.dll
0x00007ff92e1a0000 - 0x00007ff92e1af000 	C:\Windows\System32\kernel.appcore.dll
0x00007ff92e440000 - 0x00007ff92e4e9000 	C:\Windows\System32\shcore.dll
0x00007ff92e120000 - 0x00007ff92e134000 	C:\Windows\System32\profapi.dll
0x0000000053b60000 - 0x0000000053cf8000 	C:\Program Files\Java\jdk1.8.0_111\jre\bin\awt.dll
0x00007ff931980000 - 0x00007ff931a3f000 	C:\Windows\System32\OLEAUT32.dll
0x00007ff92ed10000 - 0x00007ff92edac000 	C:\Windows\System32\msvcp_win.dll
0x00007ff92c600000 - 0x00007ff92c67a000 	C:\Windows\SYSTEM32\apphelp.dll
0x00007ff92c8a0000 - 0x00007ff92c935000 	C:\Windows\system32\uxtheme.dll
0x00007ff92f680000 - 0x00007ff92f7da000 	C:\Windows\System32\MSCTF.dll
0x00007ff92bf70000 - 0x00007ff92bf96000 	C:\Windows\system32\dwmapi.dll
0x00007ff92f7e0000 - 0x00007ff92f918000 	C:\Windows\System32\ole32.dll
0x00007ff91c1f0000 - 0x00007ff91c37d000 	C:\Windows\system32\d3d9.dll
0x00007ff8ffe00000 - 0x00007ff900eb6000 	C:\Windows\SYSTEM32\nvd3dumx.dll
0x00007ff929890000 - 0x00007ff9299fc000 	C:\Program Files (x86)\NVIDIA Corporation\3D Vision\nvSCPAPI64.dll
0x00007ff92f920000 - 0x00007ff92fd49000 	C:\Windows\System32\SETUPAPI.dll
0x00007ff929470000 - 0x00007ff9297a6000 	C:\Windows\system32\nvapi64.dll
0x00007ff92cd50000 - 0x00007ff92cd78000 	C:\Windows\SYSTEM32\DEVOBJ.dll
0x00007ff92ec90000 - 0x00007ff92ece5000 	C:\Windows\System32\WINTRUST.dll
0x00007ff92e190000 - 0x00007ff92e1a0000 	C:\Windows\System32\MSASN1.dll
0x00007ff92edb0000 - 0x00007ff92ef79000 	C:\Windows\System32\CRYPT32.dll
0x00007ff92d0a0000 - 0x00007ff92d13f000 	C:\Windows\system32\dxgi.dll
0x0000000053b10000 - 0x0000000053b57000 	C:\Program Files\Java\jdk1.8.0_111\jre\bin\fontmanager.dll
0x0000000052570000 - 0x000000005258a000 	C:\Program Files\Java\jdk1.8.0_111\jre\bin\net.dll
0x00007ff92d9f0000 - 0x00007ff92da4c000 	C:\Windows\system32\mswsock.dll
0x0000000052550000 - 0x0000000052561000 	C:\Program Files\Java\jdk1.8.0_111\jre\bin\nio.dll
0x0000000053ac0000 - 0x0000000053b02000 	C:\Program Files\Java\jdk1.8.0_111\jre\bin\t2k.dll
0x00007ff9312c0000 - 0x00007ff93135f000 	C:\Windows\System32\clbcatq.dll
0x00007ff927120000 - 0x00007ff9271f2000 	C:\Windows\System32\IME\IMEKR\imkrtip.dll
0x00007ff92bd20000 - 0x00007ff92bea5000 	C:\Windows\SYSTEM32\PROPSYS.dll
0x00007ff926fc0000 - 0x00007ff927116000 	C:\Windows\System32\IME\shared\imetip.dll
0x00007ff927a00000 - 0x00007ff927a65000 	C:\Windows\SYSTEM32\OLEACC.dll
0x00007ff91da30000 - 0x00007ff91dbd8000 	C:\Windows\SYSTEM32\DUI70.dll
0x00007ff9275e0000 - 0x00007ff927618000 	C:\Windows\System32\IME\IMEKR\imkrapi.dll
0x00007ff9275a0000 - 0x00007ff9275d5000 	C:\Windows\System32\IME\shared\imjkapi.dll
0x00007ff92d4c0000 - 0x00007ff92d4f2000 	C:\Windows\SYSTEM32\ntmarta.dll
0x00007ff92d7b0000 - 0x00007ff92d851000 	C:\Windows\SYSTEM32\DNSAPI.dll
0x00007ff9318b0000 - 0x00007ff9318b8000 	C:\Windows\System32\NSI.dll
0x00007ff92d770000 - 0x00007ff92d7a8000 	C:\Windows\SYSTEM32\IPHLPAPI.DLL
0x00007ff9272b0000 - 0x00007ff9272ba000 	C:\Windows\System32\rasadhlp.dll
0x00007ff928810000 - 0x00007ff92887a000 	C:\Windows\System32\fwpuclnt.dll
0x00007ff92e060000 - 0x00007ff92e08b000 	C:\Windows\SYSTEM32\bcrypt.dll
0x00007ff928220000 - 0x00007ff9283b2000 	C:\Windows\SYSTEM32\dbghelp.dll

VM Arguments:
jvm_args: -Dfile.encoding=x-windows-949 -Duser.country=KR -Duser.language=ko -Duser.variant 
java_command: kr.or.dgit.erp_main.ERP_Application
java_class_path (initial): D:\workspace_mybatis\erp_ksh\build\classes\main;D:\workspace_mybatis\erp_ksh\build\resources\main;C:\Users\KSH\.gradle\caches\modules-2\files-2.1\mysql\mysql-connector-java\5.1.42\80a448a3ec2178b649bb2e3cb3610fab06e11669\mysql-connector-java-5.1.42.jar;C:\Users\KSH\.gradle\caches\modules-2\files-2.1\org.mybatis\mybatis\3.4.2\2b9a5082fe0bdb3128bab8b4b19b23ca0f3d9b38\mybatis-3.4.2.jar;C:\Users\KSH\.gradle\caches\modules-2\files-2.1\junit\junit\4.12\2973d150c0dc1fefe998f834810d68f278ea58ec\junit-4.12.jar;C:\Users\KSH\.gradle\caches\modules-2\files-2.1\log4j\log4j\1.2.17\5af35056b4d257e4b64b9e8069c0746e8b08629f\log4j-1.2.17.jar;C:\Users\KSH\.gradle\caches\modules-2\files-2.1\org.hamcrest\hamcrest-core\1.3\42a25dc3219429f0e5d060061f71acb49bf010a0\hamcrest-core-1.3.jar
Launcher Type: SUN_STANDARD

Environment Variables:
JAVA_HOME=C:\Program Files\Java\jdk1.8.0_111
PATH=C:/Program Files/Java/jre1.8.0_111/bin/server;C:/Program Files/Java/jre1.8.0_111/bin;C:/Program Files/Java/jre1.8.0_111/lib/amd64;C:\Program Files\Java\jdk1.8.0_111\bin;C:\ProgramData\Oracle\Java\javapath;C:\Program Files (x86)\NVIDIA Corporation\PhysX\Common;C:\Windows\system32;C:\Windows;C:\Windows\System32\Wbem;C:\Windows\System32\WindowsPowerShell\v1.0\;C:\Program Files\MySQL\MySQL Server 5.6\bin;C:\Program Files\Git\cmd;D:\gradle-3.4.1-bin\gradle-3.4.1\bin;C:\Users\KSH\AppData\Local\Microsoft\WindowsApps;;C:\eclipse_java;
USERNAME=KSH
OS=Windows_NT
PROCESSOR_IDENTIFIER=Intel64 Family 6 Model 23 Stepping 10, GenuineIntel



---------------  S Y S T E M  ---------------

OS: Windows 10.0 , 64 bit Build 14393 (10.0.14393.1198)

CPU:total 4 (4 cores per cpu, 1 threads per core) family 6 model 23 stepping 10, cmov, cx8, fxsr, mmx, sse, sse2, sse3, ssse3, sse4.1, tsc

Memory: 4k page, physical 4192492k(650764k free), swap 10483948k(2040032k free)

vm_info: Java HotSpot(TM) 64-Bit Server VM (25.111-b14) for windows-amd64 JRE (1.8.0_111-b14), built on Sep 22 2016 19:24:05 by "java_re" with MS VC++ 10.0 (VS2010)

time: Thu May 11 14:16:54 2017
elapsed time: 4 seconds (0d 0h 0m 4s)

